Copyright 1986-2015 Xilinx, Inc. All Rights Reserved.
------------------------------------------------------------------------------------
| Tool Version : Vivado v.2015.4 (lin64) Build 1412921 Wed Nov 18 09:44:32 MST 2015
| Date         : Sun Nov 18 15:15:18 2018
| Host         : ilyich-VirtualBox running 64-bit Ubuntu 16.04.5 LTS
| Command      : report_drc
------------------------------------------------------------------------------------

Report DRC

Table of Contents
-----------------
1. REPORT SUMMARY
2. REPORT DETAILS

1. REPORT SUMMARY
-----------------
            Netlist: red_pitaya_top
          Floorplan: design_1
      Design limits: <entire design considered>
           Ruledeck: default
             Max violations: <unlimited>
             Violations found: 125

2. REPORT DETAILS
-----------------
BUFC-1#1 Warning
Input Buffer Connections  
Input buffer daisy_n_i[0]_IBUF_inst has no loads. An input buffer must drive an internal load.
Related violations: <none>

BUFC-1#2 Warning
Input Buffer Connections  
Input buffer daisy_n_i[1]_IBUF_inst has no loads. An input buffer must drive an internal load.
Related violations: <none>

BUFC-1#3 Warning
Input Buffer Connections  
Input buffer daisy_p_i[0]_IBUF_inst has no loads. An input buffer must drive an internal load.
Related violations: <none>

BUFC-1#4 Warning
Input Buffer Connections  
Input buffer daisy_p_i[1]_IBUF_inst has no loads. An input buffer must drive an internal load.
Related violations: <none>

DPIP-1#1 Warning
Input pipelining  
DSP i_asg/ch[0]/dac_mult_reg input i_asg/ch[0]/dac_mult_reg/A[29:0] is not pipelined. Pipelining DSP48 input will improve performance.
Related violations: <none>

DPIP-1#2 Warning
Input pipelining  
DSP i_asg/ch[1]/dac_mult_reg input i_asg/ch[1]/dac_mult_reg/A[29:0] is not pipelined. Pipelining DSP48 input will improve performance.
Related violations: <none>

DPIP-1#3 Warning
Input pipelining  
DSP i_pid2/i_pid11/dat2 input i_pid2/i_pid11/dat2/A[29:0] is not pipelined. Pipelining DSP48 input will improve performance.
Related violations: <none>

DPIP-1#4 Warning
Input pipelining  
DSP i_pid2/i_pid11/dat2 input i_pid2/i_pid11/dat2/B[17:0] is not pipelined. Pipelining DSP48 input will improve performance.
Related violations: <none>

DPIP-1#5 Warning
Input pipelining  
DSP i_pid2/i_pid11/kd_mult input i_pid2/i_pid11/kd_mult/A[29:0] is not pipelined. Pipelining DSP48 input will improve performance.
Related violations: <none>

DPIP-1#6 Warning
Input pipelining  
DSP i_pid2/i_pid11/kd_mult input i_pid2/i_pid11/kd_mult/B[17:0] is not pipelined. Pipelining DSP48 input will improve performance.
Related violations: <none>

DPIP-1#7 Warning
Input pipelining  
DSP i_pid2/i_pid11/ki_mult0 input i_pid2/i_pid11/ki_mult0/A[29:0] is not pipelined. Pipelining DSP48 input will improve performance.
Related violations: <none>

DPIP-1#8 Warning
Input pipelining  
DSP i_pid2/i_pid11/ki_mult0 input i_pid2/i_pid11/ki_mult0/B[17:0] is not pipelined. Pipelining DSP48 input will improve performance.
Related violations: <none>

DPIP-1#9 Warning
Input pipelining  
DSP i_pid2/i_pid11/ki_mult_20 input i_pid2/i_pid11/ki_mult_20/A[29:0] is not pipelined. Pipelining DSP48 input will improve performance.
Related violations: <none>

DPIP-1#10 Warning
Input pipelining  
DSP i_pid2/i_pid11/ki_mult_20 input i_pid2/i_pid11/ki_mult_20/B[17:0] is not pipelined. Pipelining DSP48 input will improve performance.
Related violations: <none>

DPIP-1#11 Warning
Input pipelining  
DSP i_pid2/i_pid11/kp_mult20 input i_pid2/i_pid11/kp_mult20/A[29:0] is not pipelined. Pipelining DSP48 input will improve performance.
Related violations: <none>

DPIP-1#12 Warning
Input pipelining  
DSP i_pid2/i_pid11/kp_mult20 input i_pid2/i_pid11/kp_mult20/B[17:0] is not pipelined. Pipelining DSP48 input will improve performance.
Related violations: <none>

DPIP-1#13 Warning
Input pipelining  
DSP i_pid2/i_pid12/dat2 input i_pid2/i_pid12/dat2/A[29:0] is not pipelined. Pipelining DSP48 input will improve performance.
Related violations: <none>

DPIP-1#14 Warning
Input pipelining  
DSP i_pid2/i_pid12/dat2 input i_pid2/i_pid12/dat2/B[17:0] is not pipelined. Pipelining DSP48 input will improve performance.
Related violations: <none>

DPIP-1#15 Warning
Input pipelining  
DSP i_pid2/i_pid12/kd_mult input i_pid2/i_pid12/kd_mult/B[17:0] is not pipelined. Pipelining DSP48 input will improve performance.
Related violations: <none>

DPIP-1#16 Warning
Input pipelining  
DSP i_pid2/i_pid12/ki_mult0 input i_pid2/i_pid12/ki_mult0/B[17:0] is not pipelined. Pipelining DSP48 input will improve performance.
Related violations: <none>

DPIP-1#17 Warning
Input pipelining  
DSP i_pid2/i_pid12/ki_mult_20 input i_pid2/i_pid12/ki_mult_20/A[29:0] is not pipelined. Pipelining DSP48 input will improve performance.
Related violations: <none>

DPIP-1#18 Warning
Input pipelining  
DSP i_pid2/i_pid12/ki_mult_20 input i_pid2/i_pid12/ki_mult_20/B[17:0] is not pipelined. Pipelining DSP48 input will improve performance.
Related violations: <none>

DPIP-1#19 Warning
Input pipelining  
DSP i_pid2/i_pid12/kp_mult20 input i_pid2/i_pid12/kp_mult20/B[17:0] is not pipelined. Pipelining DSP48 input will improve performance.
Related violations: <none>

DPIP-1#20 Warning
Input pipelining  
DSP i_pid2/i_pid21/dat2 input i_pid2/i_pid21/dat2/A[29:0] is not pipelined. Pipelining DSP48 input will improve performance.
Related violations: <none>

DPIP-1#21 Warning
Input pipelining  
DSP i_pid2/i_pid21/dat2 input i_pid2/i_pid21/dat2/B[17:0] is not pipelined. Pipelining DSP48 input will improve performance.
Related violations: <none>

DPIP-1#22 Warning
Input pipelining  
DSP i_pid2/i_pid21/kd_mult input i_pid2/i_pid21/kd_mult/B[17:0] is not pipelined. Pipelining DSP48 input will improve performance.
Related violations: <none>

DPIP-1#23 Warning
Input pipelining  
DSP i_pid2/i_pid21/ki_mult0 input i_pid2/i_pid21/ki_mult0/B[17:0] is not pipelined. Pipelining DSP48 input will improve performance.
Related violations: <none>

DPIP-1#24 Warning
Input pipelining  
DSP i_pid2/i_pid21/ki_mult_20 input i_pid2/i_pid21/ki_mult_20/A[29:0] is not pipelined. Pipelining DSP48 input will improve performance.
Related violations: <none>

DPIP-1#25 Warning
Input pipelining  
DSP i_pid2/i_pid21/ki_mult_20 input i_pid2/i_pid21/ki_mult_20/B[17:0] is not pipelined. Pipelining DSP48 input will improve performance.
Related violations: <none>

DPIP-1#26 Warning
Input pipelining  
DSP i_pid2/i_pid21/kp_mult20 input i_pid2/i_pid21/kp_mult20/B[17:0] is not pipelined. Pipelining DSP48 input will improve performance.
Related violations: <none>

DPIP-1#27 Warning
Input pipelining  
DSP i_pid2/i_pid22/dat2 input i_pid2/i_pid22/dat2/A[29:0] is not pipelined. Pipelining DSP48 input will improve performance.
Related violations: <none>

DPIP-1#28 Warning
Input pipelining  
DSP i_pid2/i_pid22/dat2 input i_pid2/i_pid22/dat2/B[17:0] is not pipelined. Pipelining DSP48 input will improve performance.
Related violations: <none>

DPIP-1#29 Warning
Input pipelining  
DSP i_pid2/i_pid22/kd_mult input i_pid2/i_pid22/kd_mult/A[29:0] is not pipelined. Pipelining DSP48 input will improve performance.
Related violations: <none>

DPIP-1#30 Warning
Input pipelining  
DSP i_pid2/i_pid22/kd_mult input i_pid2/i_pid22/kd_mult/B[17:0] is not pipelined. Pipelining DSP48 input will improve performance.
Related violations: <none>

DPIP-1#31 Warning
Input pipelining  
DSP i_pid2/i_pid22/ki_mult0 input i_pid2/i_pid22/ki_mult0/A[29:0] is not pipelined. Pipelining DSP48 input will improve performance.
Related violations: <none>

DPIP-1#32 Warning
Input pipelining  
DSP i_pid2/i_pid22/ki_mult0 input i_pid2/i_pid22/ki_mult0/B[17:0] is not pipelined. Pipelining DSP48 input will improve performance.
Related violations: <none>

DPIP-1#33 Warning
Input pipelining  
DSP i_pid2/i_pid22/ki_mult_20 input i_pid2/i_pid22/ki_mult_20/A[29:0] is not pipelined. Pipelining DSP48 input will improve performance.
Related violations: <none>

DPIP-1#34 Warning
Input pipelining  
DSP i_pid2/i_pid22/ki_mult_20 input i_pid2/i_pid22/ki_mult_20/B[17:0] is not pipelined. Pipelining DSP48 input will improve performance.
Related violations: <none>

DPIP-1#35 Warning
Input pipelining  
DSP i_pid2/i_pid22/kp_mult20 input i_pid2/i_pid22/kp_mult20/A[29:0] is not pipelined. Pipelining DSP48 input will improve performance.
Related violations: <none>

DPIP-1#36 Warning
Input pipelining  
DSP i_pid2/i_pid22/kp_mult20 input i_pid2/i_pid22/kp_mult20/B[17:0] is not pipelined. Pipelining DSP48 input will improve performance.
Related violations: <none>

DPIP-1#37 Warning
Input pipelining  
DSP i_scope/i_dfilt1_cha/bb_mult input i_scope/i_dfilt1_cha/bb_mult/B[17:0] is not pipelined. Pipelining DSP48 input will improve performance.
Related violations: <none>

DPIP-1#38 Warning
Input pipelining  
DSP i_scope/i_dfilt1_chb/bb_mult input i_scope/i_dfilt1_chb/bb_mult/B[17:0] is not pipelined. Pipelining DSP48 input will improve performance.
Related violations: <none>

DPOP-1#1 Warning
PREG Output pipelining  
DSP i_asg/ch[0]/dac_mult_reg output i_asg/ch[0]/dac_mult_reg/P[47:0] is not pipelined (PREG=0). Pipelining the DSP48 output will improve performance and often saves power so it is suggested whenever possible to fully pipeline this function.  If this DSP48 function was inferred, it is suggested to describe an additional register stage after this function.  If the DSP48 was instantiated in the design, it is suggested to set the PREG attribute to 1.
Related violations: <none>

DPOP-1#2 Warning
PREG Output pipelining  
DSP i_asg/ch[1]/dac_mult_reg output i_asg/ch[1]/dac_mult_reg/P[47:0] is not pipelined (PREG=0). Pipelining the DSP48 output will improve performance and often saves power so it is suggested whenever possible to fully pipeline this function.  If this DSP48 function was inferred, it is suggested to describe an additional register stage after this function.  If the DSP48 was instantiated in the design, it is suggested to set the PREG attribute to 1.
Related violations: <none>

DPOP-1#3 Warning
PREG Output pipelining  
DSP i_pid2/i_pid11/dat2 output i_pid2/i_pid11/dat2/P[47:0] is not pipelined (PREG=0). Pipelining the DSP48 output will improve performance and often saves power so it is suggested whenever possible to fully pipeline this function.  If this DSP48 function was inferred, it is suggested to describe an additional register stage after this function.  If the DSP48 was instantiated in the design, it is suggested to set the PREG attribute to 1.
Related violations: <none>

DPOP-1#4 Warning
PREG Output pipelining  
DSP i_pid2/i_pid11/ki_mult_20 output i_pid2/i_pid11/ki_mult_20/P[47:0] is not pipelined (PREG=0). Pipelining the DSP48 output will improve performance and often saves power so it is suggested whenever possible to fully pipeline this function.  If this DSP48 function was inferred, it is suggested to describe an additional register stage after this function.  If the DSP48 was instantiated in the design, it is suggested to set the PREG attribute to 1.
Related violations: <none>

DPOP-1#5 Warning
PREG Output pipelining  
DSP i_pid2/i_pid11/kp_mult20 output i_pid2/i_pid11/kp_mult20/P[47:0] is not pipelined (PREG=0). Pipelining the DSP48 output will improve performance and often saves power so it is suggested whenever possible to fully pipeline this function.  If this DSP48 function was inferred, it is suggested to describe an additional register stage after this function.  If the DSP48 was instantiated in the design, it is suggested to set the PREG attribute to 1.
Related violations: <none>

DPOP-1#6 Warning
PREG Output pipelining  
DSP i_pid2/i_pid12/dat2 output i_pid2/i_pid12/dat2/P[47:0] is not pipelined (PREG=0). Pipelining the DSP48 output will improve performance and often saves power so it is suggested whenever possible to fully pipeline this function.  If this DSP48 function was inferred, it is suggested to describe an additional register stage after this function.  If the DSP48 was instantiated in the design, it is suggested to set the PREG attribute to 1.
Related violations: <none>

DPOP-1#7 Warning
PREG Output pipelining  
DSP i_pid2/i_pid12/ki_mult_20 output i_pid2/i_pid12/ki_mult_20/P[47:0] is not pipelined (PREG=0). Pipelining the DSP48 output will improve performance and often saves power so it is suggested whenever possible to fully pipeline this function.  If this DSP48 function was inferred, it is suggested to describe an additional register stage after this function.  If the DSP48 was instantiated in the design, it is suggested to set the PREG attribute to 1.
Related violations: <none>

DPOP-1#8 Warning
PREG Output pipelining  
DSP i_pid2/i_pid12/kp_mult20 output i_pid2/i_pid12/kp_mult20/P[47:0] is not pipelined (PREG=0). Pipelining the DSP48 output will improve performance and often saves power so it is suggested whenever possible to fully pipeline this function.  If this DSP48 function was inferred, it is suggested to describe an additional register stage after this function.  If the DSP48 was instantiated in the design, it is suggested to set the PREG attribute to 1.
Related violations: <none>

DPOP-1#9 Warning
PREG Output pipelining  
DSP i_pid2/i_pid21/dat2 output i_pid2/i_pid21/dat2/P[47:0] is not pipelined (PREG=0). Pipelining the DSP48 output will improve performance and often saves power so it is suggested whenever possible to fully pipeline this function.  If this DSP48 function was inferred, it is suggested to describe an additional register stage after this function.  If the DSP48 was instantiated in the design, it is suggested to set the PREG attribute to 1.
Related violations: <none>

DPOP-1#10 Warning
PREG Output pipelining  
DSP i_pid2/i_pid21/ki_mult_20 output i_pid2/i_pid21/ki_mult_20/P[47:0] is not pipelined (PREG=0). Pipelining the DSP48 output will improve performance and often saves power so it is suggested whenever possible to fully pipeline this function.  If this DSP48 function was inferred, it is suggested to describe an additional register stage after this function.  If the DSP48 was instantiated in the design, it is suggested to set the PREG attribute to 1.
Related violations: <none>

DPOP-1#11 Warning
PREG Output pipelining  
DSP i_pid2/i_pid21/kp_mult20 output i_pid2/i_pid21/kp_mult20/P[47:0] is not pipelined (PREG=0). Pipelining the DSP48 output will improve performance and often saves power so it is suggested whenever possible to fully pipeline this function.  If this DSP48 function was inferred, it is suggested to describe an additional register stage after this function.  If the DSP48 was instantiated in the design, it is suggested to set the PREG attribute to 1.
Related violations: <none>

DPOP-1#12 Warning
PREG Output pipelining  
DSP i_pid2/i_pid22/dat2 output i_pid2/i_pid22/dat2/P[47:0] is not pipelined (PREG=0). Pipelining the DSP48 output will improve performance and often saves power so it is suggested whenever possible to fully pipeline this function.  If this DSP48 function was inferred, it is suggested to describe an additional register stage after this function.  If the DSP48 was instantiated in the design, it is suggested to set the PREG attribute to 1.
Related violations: <none>

DPOP-1#13 Warning
PREG Output pipelining  
DSP i_pid2/i_pid22/ki_mult_20 output i_pid2/i_pid22/ki_mult_20/P[47:0] is not pipelined (PREG=0). Pipelining the DSP48 output will improve performance and often saves power so it is suggested whenever possible to fully pipeline this function.  If this DSP48 function was inferred, it is suggested to describe an additional register stage after this function.  If the DSP48 was instantiated in the design, it is suggested to set the PREG attribute to 1.
Related violations: <none>

DPOP-1#14 Warning
PREG Output pipelining  
DSP i_pid2/i_pid22/kp_mult20 output i_pid2/i_pid22/kp_mult20/P[47:0] is not pipelined (PREG=0). Pipelining the DSP48 output will improve performance and often saves power so it is suggested whenever possible to fully pipeline this function.  If this DSP48 function was inferred, it is suggested to describe an additional register stage after this function.  If the DSP48 was instantiated in the design, it is suggested to set the PREG attribute to 1.
Related violations: <none>

DPOP-1#15 Warning
PREG Output pipelining  
DSP i_scope/i_dfilt1_cha/kk_mult output i_scope/i_dfilt1_cha/kk_mult/P[47:0] is not pipelined (PREG=0). Pipelining the DSP48 output will improve performance and often saves power so it is suggested whenever possible to fully pipeline this function.  If this DSP48 function was inferred, it is suggested to describe an additional register stage after this function.  If the DSP48 was instantiated in the design, it is suggested to set the PREG attribute to 1.
Related violations: <none>

DPOP-1#16 Warning
PREG Output pipelining  
DSP i_scope/i_dfilt1_cha/pp_mult output i_scope/i_dfilt1_cha/pp_mult/P[47:0] is not pipelined (PREG=0). Pipelining the DSP48 output will improve performance and often saves power so it is suggested whenever possible to fully pipeline this function.  If this DSP48 function was inferred, it is suggested to describe an additional register stage after this function.  If the DSP48 was instantiated in the design, it is suggested to set the PREG attribute to 1.
Related violations: <none>

DPOP-1#17 Warning
PREG Output pipelining  
DSP i_scope/i_dfilt1_cha/r3_sum__0 output i_scope/i_dfilt1_cha/r3_sum__0/P[47:0] is not pipelined (PREG=0). Pipelining the DSP48 output will improve performance and often saves power so it is suggested whenever possible to fully pipeline this function.  If this DSP48 function was inferred, it is suggested to describe an additional register stage after this function.  If the DSP48 was instantiated in the design, it is suggested to set the PREG attribute to 1.
Related violations: <none>

DPOP-1#18 Warning
PREG Output pipelining  
DSP i_scope/i_dfilt1_chb/kk_mult output i_scope/i_dfilt1_chb/kk_mult/P[47:0] is not pipelined (PREG=0). Pipelining the DSP48 output will improve performance and often saves power so it is suggested whenever possible to fully pipeline this function.  If this DSP48 function was inferred, it is suggested to describe an additional register stage after this function.  If the DSP48 was instantiated in the design, it is suggested to set the PREG attribute to 1.
Related violations: <none>

DPOP-1#19 Warning
PREG Output pipelining  
DSP i_scope/i_dfilt1_chb/pp_mult output i_scope/i_dfilt1_chb/pp_mult/P[47:0] is not pipelined (PREG=0). Pipelining the DSP48 output will improve performance and often saves power so it is suggested whenever possible to fully pipeline this function.  If this DSP48 function was inferred, it is suggested to describe an additional register stage after this function.  If the DSP48 was instantiated in the design, it is suggested to set the PREG attribute to 1.
Related violations: <none>

DPOP-1#20 Warning
PREG Output pipelining  
DSP i_scope/i_dfilt1_chb/r3_sum__0 output i_scope/i_dfilt1_chb/r3_sum__0/P[47:0] is not pipelined (PREG=0). Pipelining the DSP48 output will improve performance and often saves power so it is suggested whenever possible to fully pipeline this function.  If this DSP48 function was inferred, it is suggested to describe an additional register stage after this function.  If the DSP48 was instantiated in the design, it is suggested to set the PREG attribute to 1.
Related violations: <none>

DPOP-2#1 Warning
MREG Output pipelining  
DSP i_pid2/i_pid11/dat2 multiplier stage i_pid2/i_pid11/dat2/P[47:0] is not pipelined (MREG=0). Pipelining the multiplier function will improve performance and will save significant power so it is suggested whenever possible to fully pipeline this function.  If this multiplier was inferred, it is suggested to describe an additional register stage after this function.  If there is no registered adder/accumulator following the multiply function, two pipeline stages are suggested to allow both the MREG and PREG registers to be used.  If the DSP48 was instantiated in the design, it is suggested to set both the MREG and PREG attributes to 1 when performing multiply functions.
Related violations: <none>

DPOP-2#2 Warning
MREG Output pipelining  
DSP i_pid2/i_pid11/kd_mult multiplier stage i_pid2/i_pid11/kd_mult/P[47:0] is not pipelined (MREG=0). Pipelining the multiplier function will improve performance and will save significant power so it is suggested whenever possible to fully pipeline this function.  If this multiplier was inferred, it is suggested to describe an additional register stage after this function.  If there is no registered adder/accumulator following the multiply function, two pipeline stages are suggested to allow both the MREG and PREG registers to be used.  If the DSP48 was instantiated in the design, it is suggested to set both the MREG and PREG attributes to 1 when performing multiply functions.
Related violations: <none>

DPOP-2#3 Warning
MREG Output pipelining  
DSP i_pid2/i_pid11/ki_mult0 multiplier stage i_pid2/i_pid11/ki_mult0/P[47:0] is not pipelined (MREG=0). Pipelining the multiplier function will improve performance and will save significant power so it is suggested whenever possible to fully pipeline this function.  If this multiplier was inferred, it is suggested to describe an additional register stage after this function.  If there is no registered adder/accumulator following the multiply function, two pipeline stages are suggested to allow both the MREG and PREG registers to be used.  If the DSP48 was instantiated in the design, it is suggested to set both the MREG and PREG attributes to 1 when performing multiply functions.
Related violations: <none>

DPOP-2#4 Warning
MREG Output pipelining  
DSP i_pid2/i_pid11/ki_mult_20 multiplier stage i_pid2/i_pid11/ki_mult_20/P[47:0] is not pipelined (MREG=0). Pipelining the multiplier function will improve performance and will save significant power so it is suggested whenever possible to fully pipeline this function.  If this multiplier was inferred, it is suggested to describe an additional register stage after this function.  If there is no registered adder/accumulator following the multiply function, two pipeline stages are suggested to allow both the MREG and PREG registers to be used.  If the DSP48 was instantiated in the design, it is suggested to set both the MREG and PREG attributes to 1 when performing multiply functions.
Related violations: <none>

DPOP-2#5 Warning
MREG Output pipelining  
DSP i_pid2/i_pid11/kp_mult20 multiplier stage i_pid2/i_pid11/kp_mult20/P[47:0] is not pipelined (MREG=0). Pipelining the multiplier function will improve performance and will save significant power so it is suggested whenever possible to fully pipeline this function.  If this multiplier was inferred, it is suggested to describe an additional register stage after this function.  If there is no registered adder/accumulator following the multiply function, two pipeline stages are suggested to allow both the MREG and PREG registers to be used.  If the DSP48 was instantiated in the design, it is suggested to set both the MREG and PREG attributes to 1 when performing multiply functions.
Related violations: <none>

DPOP-2#6 Warning
MREG Output pipelining  
DSP i_pid2/i_pid12/dat2 multiplier stage i_pid2/i_pid12/dat2/P[47:0] is not pipelined (MREG=0). Pipelining the multiplier function will improve performance and will save significant power so it is suggested whenever possible to fully pipeline this function.  If this multiplier was inferred, it is suggested to describe an additional register stage after this function.  If there is no registered adder/accumulator following the multiply function, two pipeline stages are suggested to allow both the MREG and PREG registers to be used.  If the DSP48 was instantiated in the design, it is suggested to set both the MREG and PREG attributes to 1 when performing multiply functions.
Related violations: <none>

DPOP-2#7 Warning
MREG Output pipelining  
DSP i_pid2/i_pid12/kd_mult multiplier stage i_pid2/i_pid12/kd_mult/P[47:0] is not pipelined (MREG=0). Pipelining the multiplier function will improve performance and will save significant power so it is suggested whenever possible to fully pipeline this function.  If this multiplier was inferred, it is suggested to describe an additional register stage after this function.  If there is no registered adder/accumulator following the multiply function, two pipeline stages are suggested to allow both the MREG and PREG registers to be used.  If the DSP48 was instantiated in the design, it is suggested to set both the MREG and PREG attributes to 1 when performing multiply functions.
Related violations: <none>

DPOP-2#8 Warning
MREG Output pipelining  
DSP i_pid2/i_pid12/ki_mult0 multiplier stage i_pid2/i_pid12/ki_mult0/P[47:0] is not pipelined (MREG=0). Pipelining the multiplier function will improve performance and will save significant power so it is suggested whenever possible to fully pipeline this function.  If this multiplier was inferred, it is suggested to describe an additional register stage after this function.  If there is no registered adder/accumulator following the multiply function, two pipeline stages are suggested to allow both the MREG and PREG registers to be used.  If the DSP48 was instantiated in the design, it is suggested to set both the MREG and PREG attributes to 1 when performing multiply functions.
Related violations: <none>

DPOP-2#9 Warning
MREG Output pipelining  
DSP i_pid2/i_pid12/ki_mult_20 multiplier stage i_pid2/i_pid12/ki_mult_20/P[47:0] is not pipelined (MREG=0). Pipelining the multiplier function will improve performance and will save significant power so it is suggested whenever possible to fully pipeline this function.  If this multiplier was inferred, it is suggested to describe an additional register stage after this function.  If there is no registered adder/accumulator following the multiply function, two pipeline stages are suggested to allow both the MREG and PREG registers to be used.  If the DSP48 was instantiated in the design, it is suggested to set both the MREG and PREG attributes to 1 when performing multiply functions.
Related violations: <none>

DPOP-2#10 Warning
MREG Output pipelining  
DSP i_pid2/i_pid12/kp_mult20 multiplier stage i_pid2/i_pid12/kp_mult20/P[47:0] is not pipelined (MREG=0). Pipelining the multiplier function will improve performance and will save significant power so it is suggested whenever possible to fully pipeline this function.  If this multiplier was inferred, it is suggested to describe an additional register stage after this function.  If there is no registered adder/accumulator following the multiply function, two pipeline stages are suggested to allow both the MREG and PREG registers to be used.  If the DSP48 was instantiated in the design, it is suggested to set both the MREG and PREG attributes to 1 when performing multiply functions.
Related violations: <none>

DPOP-2#11 Warning
MREG Output pipelining  
DSP i_pid2/i_pid21/dat2 multiplier stage i_pid2/i_pid21/dat2/P[47:0] is not pipelined (MREG=0). Pipelining the multiplier function will improve performance and will save significant power so it is suggested whenever possible to fully pipeline this function.  If this multiplier was inferred, it is suggested to describe an additional register stage after this function.  If there is no registered adder/accumulator following the multiply function, two pipeline stages are suggested to allow both the MREG and PREG registers to be used.  If the DSP48 was instantiated in the design, it is suggested to set both the MREG and PREG attributes to 1 when performing multiply functions.
Related violations: <none>

DPOP-2#12 Warning
MREG Output pipelining  
DSP i_pid2/i_pid21/kd_mult multiplier stage i_pid2/i_pid21/kd_mult/P[47:0] is not pipelined (MREG=0). Pipelining the multiplier function will improve performance and will save significant power so it is suggested whenever possible to fully pipeline this function.  If this multiplier was inferred, it is suggested to describe an additional register stage after this function.  If there is no registered adder/accumulator following the multiply function, two pipeline stages are suggested to allow both the MREG and PREG registers to be used.  If the DSP48 was instantiated in the design, it is suggested to set both the MREG and PREG attributes to 1 when performing multiply functions.
Related violations: <none>

DPOP-2#13 Warning
MREG Output pipelining  
DSP i_pid2/i_pid21/ki_mult0 multiplier stage i_pid2/i_pid21/ki_mult0/P[47:0] is not pipelined (MREG=0). Pipelining the multiplier function will improve performance and will save significant power so it is suggested whenever possible to fully pipeline this function.  If this multiplier was inferred, it is suggested to describe an additional register stage after this function.  If there is no registered adder/accumulator following the multiply function, two pipeline stages are suggested to allow both the MREG and PREG registers to be used.  If the DSP48 was instantiated in the design, it is suggested to set both the MREG and PREG attributes to 1 when performing multiply functions.
Related violations: <none>

DPOP-2#14 Warning
MREG Output pipelining  
DSP i_pid2/i_pid21/ki_mult_20 multiplier stage i_pid2/i_pid21/ki_mult_20/P[47:0] is not pipelined (MREG=0). Pipelining the multiplier function will improve performance and will save significant power so it is suggested whenever possible to fully pipeline this function.  If this multiplier was inferred, it is suggested to describe an additional register stage after this function.  If there is no registered adder/accumulator following the multiply function, two pipeline stages are suggested to allow both the MREG and PREG registers to be used.  If the DSP48 was instantiated in the design, it is suggested to set both the MREG and PREG attributes to 1 when performing multiply functions.
Related violations: <none>

DPOP-2#15 Warning
MREG Output pipelining  
DSP i_pid2/i_pid21/kp_mult20 multiplier stage i_pid2/i_pid21/kp_mult20/P[47:0] is not pipelined (MREG=0). Pipelining the multiplier function will improve performance and will save significant power so it is suggested whenever possible to fully pipeline this function.  If this multiplier was inferred, it is suggested to describe an additional register stage after this function.  If there is no registered adder/accumulator following the multiply function, two pipeline stages are suggested to allow both the MREG and PREG registers to be used.  If the DSP48 was instantiated in the design, it is suggested to set both the MREG and PREG attributes to 1 when performing multiply functions.
Related violations: <none>

DPOP-2#16 Warning
MREG Output pipelining  
DSP i_pid2/i_pid22/dat2 multiplier stage i_pid2/i_pid22/dat2/P[47:0] is not pipelined (MREG=0). Pipelining the multiplier function will improve performance and will save significant power so it is suggested whenever possible to fully pipeline this function.  If this multiplier was inferred, it is suggested to describe an additional register stage after this function.  If there is no registered adder/accumulator following the multiply function, two pipeline stages are suggested to allow both the MREG and PREG registers to be used.  If the DSP48 was instantiated in the design, it is suggested to set both the MREG and PREG attributes to 1 when performing multiply functions.
Related violations: <none>

DPOP-2#17 Warning
MREG Output pipelining  
DSP i_pid2/i_pid22/kd_mult multiplier stage i_pid2/i_pid22/kd_mult/P[47:0] is not pipelined (MREG=0). Pipelining the multiplier function will improve performance and will save significant power so it is suggested whenever possible to fully pipeline this function.  If this multiplier was inferred, it is suggested to describe an additional register stage after this function.  If there is no registered adder/accumulator following the multiply function, two pipeline stages are suggested to allow both the MREG and PREG registers to be used.  If the DSP48 was instantiated in the design, it is suggested to set both the MREG and PREG attributes to 1 when performing multiply functions.
Related violations: <none>

DPOP-2#18 Warning
MREG Output pipelining  
DSP i_pid2/i_pid22/ki_mult0 multiplier stage i_pid2/i_pid22/ki_mult0/P[47:0] is not pipelined (MREG=0). Pipelining the multiplier function will improve performance and will save significant power so it is suggested whenever possible to fully pipeline this function.  If this multiplier was inferred, it is suggested to describe an additional register stage after this function.  If there is no registered adder/accumulator following the multiply function, two pipeline stages are suggested to allow both the MREG and PREG registers to be used.  If the DSP48 was instantiated in the design, it is suggested to set both the MREG and PREG attributes to 1 when performing multiply functions.
Related violations: <none>

DPOP-2#19 Warning
MREG Output pipelining  
DSP i_pid2/i_pid22/ki_mult_20 multiplier stage i_pid2/i_pid22/ki_mult_20/P[47:0] is not pipelined (MREG=0). Pipelining the multiplier function will improve performance and will save significant power so it is suggested whenever possible to fully pipeline this function.  If this multiplier was inferred, it is suggested to describe an additional register stage after this function.  If there is no registered adder/accumulator following the multiply function, two pipeline stages are suggested to allow both the MREG and PREG registers to be used.  If the DSP48 was instantiated in the design, it is suggested to set both the MREG and PREG attributes to 1 when performing multiply functions.
Related violations: <none>

DPOP-2#20 Warning
MREG Output pipelining  
DSP i_pid2/i_pid22/kp_mult20 multiplier stage i_pid2/i_pid22/kp_mult20/P[47:0] is not pipelined (MREG=0). Pipelining the multiplier function will improve performance and will save significant power so it is suggested whenever possible to fully pipeline this function.  If this multiplier was inferred, it is suggested to describe an additional register stage after this function.  If there is no registered adder/accumulator following the multiply function, two pipeline stages are suggested to allow both the MREG and PREG registers to be used.  If the DSP48 was instantiated in the design, it is suggested to set both the MREG and PREG attributes to 1 when performing multiply functions.
Related violations: <none>

DPOP-2#21 Warning
MREG Output pipelining  
DSP i_scope/i_dfilt1_cha/bb_mult multiplier stage i_scope/i_dfilt1_cha/bb_mult/P[47:0] is not pipelined (MREG=0). Pipelining the multiplier function will improve performance and will save significant power so it is suggested whenever possible to fully pipeline this function.  If this multiplier was inferred, it is suggested to describe an additional register stage after this function.  If there is no registered adder/accumulator following the multiply function, two pipeline stages are suggested to allow both the MREG and PREG registers to be used.  If the DSP48 was instantiated in the design, it is suggested to set both the MREG and PREG attributes to 1 when performing multiply functions.
Related violations: <none>

DPOP-2#22 Warning
MREG Output pipelining  
DSP i_scope/i_dfilt1_cha/kk_mult multiplier stage i_scope/i_dfilt1_cha/kk_mult/P[47:0] is not pipelined (MREG=0). Pipelining the multiplier function will improve performance and will save significant power so it is suggested whenever possible to fully pipeline this function.  If this multiplier was inferred, it is suggested to describe an additional register stage after this function.  If there is no registered adder/accumulator following the multiply function, two pipeline stages are suggested to allow both the MREG and PREG registers to be used.  If the DSP48 was instantiated in the design, it is suggested to set both the MREG and PREG attributes to 1 when performing multiply functions.
Related violations: <none>

DPOP-2#23 Warning
MREG Output pipelining  
DSP i_scope/i_dfilt1_cha/pp_mult multiplier stage i_scope/i_dfilt1_cha/pp_mult/P[47:0] is not pipelined (MREG=0). Pipelining the multiplier function will improve performance and will save significant power so it is suggested whenever possible to fully pipeline this function.  If this multiplier was inferred, it is suggested to describe an additional register stage after this function.  If there is no registered adder/accumulator following the multiply function, two pipeline stages are suggested to allow both the MREG and PREG registers to be used.  If the DSP48 was instantiated in the design, it is suggested to set both the MREG and PREG attributes to 1 when performing multiply functions.
Related violations: <none>

DPOP-2#24 Warning
MREG Output pipelining  
DSP i_scope/i_dfilt1_chb/bb_mult multiplier stage i_scope/i_dfilt1_chb/bb_mult/P[47:0] is not pipelined (MREG=0). Pipelining the multiplier function will improve performance and will save significant power so it is suggested whenever possible to fully pipeline this function.  If this multiplier was inferred, it is suggested to describe an additional register stage after this function.  If there is no registered adder/accumulator following the multiply function, two pipeline stages are suggested to allow both the MREG and PREG registers to be used.  If the DSP48 was instantiated in the design, it is suggested to set both the MREG and PREG attributes to 1 when performing multiply functions.
Related violations: <none>

DPOP-2#25 Warning
MREG Output pipelining  
DSP i_scope/i_dfilt1_chb/kk_mult multiplier stage i_scope/i_dfilt1_chb/kk_mult/P[47:0] is not pipelined (MREG=0). Pipelining the multiplier function will improve performance and will save significant power so it is suggested whenever possible to fully pipeline this function.  If this multiplier was inferred, it is suggested to describe an additional register stage after this function.  If there is no registered adder/accumulator following the multiply function, two pipeline stages are suggested to allow both the MREG and PREG registers to be used.  If the DSP48 was instantiated in the design, it is suggested to set both the MREG and PREG attributes to 1 when performing multiply functions.
Related violations: <none>

DPOP-2#26 Warning
MREG Output pipelining  
DSP i_scope/i_dfilt1_chb/pp_mult multiplier stage i_scope/i_dfilt1_chb/pp_mult/P[47:0] is not pipelined (MREG=0). Pipelining the multiplier function will improve performance and will save significant power so it is suggested whenever possible to fully pipeline this function.  If this multiplier was inferred, it is suggested to describe an additional register stage after this function.  If there is no registered adder/accumulator following the multiply function, two pipeline stages are suggested to allow both the MREG and PREG registers to be used.  If the DSP48 was instantiated in the design, it is suggested to set both the MREG and PREG attributes to 1 when performing multiply functions.
Related violations: <none>

IOSR-1#1 Warning
IOB set reset sharing  
IO exp_p_io[0] connects to flops which have these i_scope/clear, i_asg/ch[0]/clear, i_asg/ch[1]/clear set/reset signals.  For optimal IOB flop packing there should be only one set/reset signal coming into the IOB.
Related violations: <none>

PLIO-7#1 Warning
Placement Constraints Check for IO constraints  
An IO Bus FIXED_IO_mio[53:0] with more than one IO standard is found. Components associated with this bus are: LVCMOS25 (FIXED_IO_mio[53], FIXED_IO_mio[52], FIXED_IO_mio[51], FIXED_IO_mio[50], FIXED_IO_mio[49], FIXED_IO_mio[48], FIXED_IO_mio[47], FIXED_IO_mio[46], FIXED_IO_mio[45], FIXED_IO_mio[44], FIXED_IO_mio[43], FIXED_IO_mio[42], FIXED_IO_mio[41], FIXED_IO_mio[40], FIXED_IO_mio[39] (the first 15 of 38 listed)); LVCMOS33 (FIXED_IO_mio[15], FIXED_IO_mio[14], FIXED_IO_mio[13], FIXED_IO_mio[12], FIXED_IO_mio[11], FIXED_IO_mio[10], FIXED_IO_mio[9], FIXED_IO_mio[8], FIXED_IO_mio[7], FIXED_IO_mio[6], FIXED_IO_mio[5], FIXED_IO_mio[4], FIXED_IO_mio[3], FIXED_IO_mio[2], FIXED_IO_mio[1] (the first 15 of 16 listed)); 
Related violations: <none>

RTSTAT-10#1 Warning
No routable loads  
4 net(s) have no routable loads. The problem bus(es) and/or net(s) are daisy_n_i[0]_IBUF, daisy_n_i[1]_IBUF, daisy_p_i[0]_IBUF, daisy_p_i[1]_IBUF.
Related violations: <none>

XDCH-2#1 Warning
Same min and max delay values on IO port  
The same input delay of 3.400 ns has been defined on port 'adc_dat_a_i[10]' relative to clock adc_clk for both max and min. Make sure this reflects the design intent.
set_input_delay -clock adc_clk 3.400 [get_ports {adc_dat_a_i[*]}]
/home/ilyich/RedPitaya/RedPitaya/fpga/sdc/red_pitaya.xdc (Line: 210)
Related violations: <none>

XDCH-2#2 Warning
Same min and max delay values on IO port  
The same input delay of 3.400 ns has been defined on port 'adc_dat_a_i[11]' relative to clock adc_clk for both max and min. Make sure this reflects the design intent.
set_input_delay -clock adc_clk 3.400 [get_ports {adc_dat_a_i[*]}]
/home/ilyich/RedPitaya/RedPitaya/fpga/sdc/red_pitaya.xdc (Line: 210)
Related violations: <none>

XDCH-2#3 Warning
Same min and max delay values on IO port  
The same input delay of 3.400 ns has been defined on port 'adc_dat_a_i[12]' relative to clock adc_clk for both max and min. Make sure this reflects the design intent.
set_input_delay -clock adc_clk 3.400 [get_ports {adc_dat_a_i[*]}]
/home/ilyich/RedPitaya/RedPitaya/fpga/sdc/red_pitaya.xdc (Line: 210)
Related violations: <none>

XDCH-2#4 Warning
Same min and max delay values on IO port  
The same input delay of 3.400 ns has been defined on port 'adc_dat_a_i[13]' relative to clock adc_clk for both max and min. Make sure this reflects the design intent.
set_input_delay -clock adc_clk 3.400 [get_ports {adc_dat_a_i[*]}]
/home/ilyich/RedPitaya/RedPitaya/fpga/sdc/red_pitaya.xdc (Line: 210)
Related violations: <none>

XDCH-2#5 Warning
Same min and max delay values on IO port  
The same input delay of 3.400 ns has been defined on port 'adc_dat_a_i[14]' relative to clock adc_clk for both max and min. Make sure this reflects the design intent.
set_input_delay -clock adc_clk 3.400 [get_ports {adc_dat_a_i[*]}]
/home/ilyich/RedPitaya/RedPitaya/fpga/sdc/red_pitaya.xdc (Line: 210)
Related violations: <none>

XDCH-2#6 Warning
Same min and max delay values on IO port  
The same input delay of 3.400 ns has been defined on port 'adc_dat_a_i[15]' relative to clock adc_clk for both max and min. Make sure this reflects the design intent.
set_input_delay -clock adc_clk 3.400 [get_ports {adc_dat_a_i[*]}]
/home/ilyich/RedPitaya/RedPitaya/fpga/sdc/red_pitaya.xdc (Line: 210)
Related violations: <none>

XDCH-2#7 Warning
Same min and max delay values on IO port  
The same input delay of 3.400 ns has been defined on port 'adc_dat_a_i[2]' relative to clock adc_clk for both max and min. Make sure this reflects the design intent.
set_input_delay -clock adc_clk 3.400 [get_ports {adc_dat_a_i[*]}]
/home/ilyich/RedPitaya/RedPitaya/fpga/sdc/red_pitaya.xdc (Line: 210)
Related violations: <none>

XDCH-2#8 Warning
Same min and max delay values on IO port  
The same input delay of 3.400 ns has been defined on port 'adc_dat_a_i[3]' relative to clock adc_clk for both max and min. Make sure this reflects the design intent.
set_input_delay -clock adc_clk 3.400 [get_ports {adc_dat_a_i[*]}]
/home/ilyich/RedPitaya/RedPitaya/fpga/sdc/red_pitaya.xdc (Line: 210)
Related violations: <none>

XDCH-2#9 Warning
Same min and max delay values on IO port  
The same input delay of 3.400 ns has been defined on port 'adc_dat_a_i[4]' relative to clock adc_clk for both max and min. Make sure this reflects the design intent.
set_input_delay -clock adc_clk 3.400 [get_ports {adc_dat_a_i[*]}]
/home/ilyich/RedPitaya/RedPitaya/fpga/sdc/red_pitaya.xdc (Line: 210)
Related violations: <none>

XDCH-2#10 Warning
Same min and max delay values on IO port  
The same input delay of 3.400 ns has been defined on port 'adc_dat_a_i[5]' relative to clock adc_clk for both max and min. Make sure this reflects the design intent.
set_input_delay -clock adc_clk 3.400 [get_ports {adc_dat_a_i[*]}]
/home/ilyich/RedPitaya/RedPitaya/fpga/sdc/red_pitaya.xdc (Line: 210)
Related violations: <none>

XDCH-2#11 Warning
Same min and max delay values on IO port  
The same input delay of 3.400 ns has been defined on port 'adc_dat_a_i[6]' relative to clock adc_clk for both max and min. Make sure this reflects the design intent.
set_input_delay -clock adc_clk 3.400 [get_ports {adc_dat_a_i[*]}]
/home/ilyich/RedPitaya/RedPitaya/fpga/sdc/red_pitaya.xdc (Line: 210)
Related violations: <none>

XDCH-2#12 Warning
Same min and max delay values on IO port  
The same input delay of 3.400 ns has been defined on port 'adc_dat_a_i[7]' relative to clock adc_clk for both max and min. Make sure this reflects the design intent.
set_input_delay -clock adc_clk 3.400 [get_ports {adc_dat_a_i[*]}]
/home/ilyich/RedPitaya/RedPitaya/fpga/sdc/red_pitaya.xdc (Line: 210)
Related violations: <none>

XDCH-2#13 Warning
Same min and max delay values on IO port  
The same input delay of 3.400 ns has been defined on port 'adc_dat_a_i[8]' relative to clock adc_clk for both max and min. Make sure this reflects the design intent.
set_input_delay -clock adc_clk 3.400 [get_ports {adc_dat_a_i[*]}]
/home/ilyich/RedPitaya/RedPitaya/fpga/sdc/red_pitaya.xdc (Line: 210)
Related violations: <none>

XDCH-2#14 Warning
Same min and max delay values on IO port  
The same input delay of 3.400 ns has been defined on port 'adc_dat_a_i[9]' relative to clock adc_clk for both max and min. Make sure this reflects the design intent.
set_input_delay -clock adc_clk 3.400 [get_ports {adc_dat_a_i[*]}]
/home/ilyich/RedPitaya/RedPitaya/fpga/sdc/red_pitaya.xdc (Line: 210)
Related violations: <none>

XDCH-2#15 Warning
Same min and max delay values on IO port  
The same input delay of 3.400 ns has been defined on port 'adc_dat_b_i[10]' relative to clock adc_clk for both max and min. Make sure this reflects the design intent.
set_input_delay -clock adc_clk 3.400 [get_ports {adc_dat_b_i[*]}]
/home/ilyich/RedPitaya/RedPitaya/fpga/sdc/red_pitaya.xdc (Line: 211)
Related violations: <none>

XDCH-2#16 Warning
Same min and max delay values on IO port  
The same input delay of 3.400 ns has been defined on port 'adc_dat_b_i[11]' relative to clock adc_clk for both max and min. Make sure this reflects the design intent.
set_input_delay -clock adc_clk 3.400 [get_ports {adc_dat_b_i[*]}]
/home/ilyich/RedPitaya/RedPitaya/fpga/sdc/red_pitaya.xdc (Line: 211)
Related violations: <none>

XDCH-2#17 Warning
Same min and max delay values on IO port  
The same input delay of 3.400 ns has been defined on port 'adc_dat_b_i[12]' relative to clock adc_clk for both max and min. Make sure this reflects the design intent.
set_input_delay -clock adc_clk 3.400 [get_ports {adc_dat_b_i[*]}]
/home/ilyich/RedPitaya/RedPitaya/fpga/sdc/red_pitaya.xdc (Line: 211)
Related violations: <none>

XDCH-2#18 Warning
Same min and max delay values on IO port  
The same input delay of 3.400 ns has been defined on port 'adc_dat_b_i[13]' relative to clock adc_clk for both max and min. Make sure this reflects the design intent.
set_input_delay -clock adc_clk 3.400 [get_ports {adc_dat_b_i[*]}]
/home/ilyich/RedPitaya/RedPitaya/fpga/sdc/red_pitaya.xdc (Line: 211)
Related violations: <none>

XDCH-2#19 Warning
Same min and max delay values on IO port  
The same input delay of 3.400 ns has been defined on port 'adc_dat_b_i[14]' relative to clock adc_clk for both max and min. Make sure this reflects the design intent.
set_input_delay -clock adc_clk 3.400 [get_ports {adc_dat_b_i[*]}]
/home/ilyich/RedPitaya/RedPitaya/fpga/sdc/red_pitaya.xdc (Line: 211)
Related violations: <none>

XDCH-2#20 Warning
Same min and max delay values on IO port  
The same input delay of 3.400 ns has been defined on port 'adc_dat_b_i[15]' relative to clock adc_clk for both max and min. Make sure this reflects the design intent.
set_input_delay -clock adc_clk 3.400 [get_ports {adc_dat_b_i[*]}]
/home/ilyich/RedPitaya/RedPitaya/fpga/sdc/red_pitaya.xdc (Line: 211)
Related violations: <none>

XDCH-2#21 Warning
Same min and max delay values on IO port  
The same input delay of 3.400 ns has been defined on port 'adc_dat_b_i[2]' relative to clock adc_clk for both max and min. Make sure this reflects the design intent.
set_input_delay -clock adc_clk 3.400 [get_ports {adc_dat_b_i[*]}]
/home/ilyich/RedPitaya/RedPitaya/fpga/sdc/red_pitaya.xdc (Line: 211)
Related violations: <none>

XDCH-2#22 Warning
Same min and max delay values on IO port  
The same input delay of 3.400 ns has been defined on port 'adc_dat_b_i[3]' relative to clock adc_clk for both max and min. Make sure this reflects the design intent.
set_input_delay -clock adc_clk 3.400 [get_ports {adc_dat_b_i[*]}]
/home/ilyich/RedPitaya/RedPitaya/fpga/sdc/red_pitaya.xdc (Line: 211)
Related violations: <none>

XDCH-2#23 Warning
Same min and max delay values on IO port  
The same input delay of 3.400 ns has been defined on port 'adc_dat_b_i[4]' relative to clock adc_clk for both max and min. Make sure this reflects the design intent.
set_input_delay -clock adc_clk 3.400 [get_ports {adc_dat_b_i[*]}]
/home/ilyich/RedPitaya/RedPitaya/fpga/sdc/red_pitaya.xdc (Line: 211)
Related violations: <none>

XDCH-2#24 Warning
Same min and max delay values on IO port  
The same input delay of 3.400 ns has been defined on port 'adc_dat_b_i[5]' relative to clock adc_clk for both max and min. Make sure this reflects the design intent.
set_input_delay -clock adc_clk 3.400 [get_ports {adc_dat_b_i[*]}]
/home/ilyich/RedPitaya/RedPitaya/fpga/sdc/red_pitaya.xdc (Line: 211)
Related violations: <none>

XDCH-2#25 Warning
Same min and max delay values on IO port  
The same input delay of 3.400 ns has been defined on port 'adc_dat_b_i[6]' relative to clock adc_clk for both max and min. Make sure this reflects the design intent.
set_input_delay -clock adc_clk 3.400 [get_ports {adc_dat_b_i[*]}]
/home/ilyich/RedPitaya/RedPitaya/fpga/sdc/red_pitaya.xdc (Line: 211)
Related violations: <none>

XDCH-2#26 Warning
Same min and max delay values on IO port  
The same input delay of 3.400 ns has been defined on port 'adc_dat_b_i[7]' relative to clock adc_clk for both max and min. Make sure this reflects the design intent.
set_input_delay -clock adc_clk 3.400 [get_ports {adc_dat_b_i[*]}]
/home/ilyich/RedPitaya/RedPitaya/fpga/sdc/red_pitaya.xdc (Line: 211)
Related violations: <none>

XDCH-2#27 Warning
Same min and max delay values on IO port  
The same input delay of 3.400 ns has been defined on port 'adc_dat_b_i[8]' relative to clock adc_clk for both max and min. Make sure this reflects the design intent.
set_input_delay -clock adc_clk 3.400 [get_ports {adc_dat_b_i[*]}]
/home/ilyich/RedPitaya/RedPitaya/fpga/sdc/red_pitaya.xdc (Line: 211)
Related violations: <none>

XDCH-2#28 Warning
Same min and max delay values on IO port  
The same input delay of 3.400 ns has been defined on port 'adc_dat_b_i[9]' relative to clock adc_clk for both max and min. Make sure this reflects the design intent.
set_input_delay -clock adc_clk 3.400 [get_ports {adc_dat_b_i[*]}]
/home/ilyich/RedPitaya/RedPitaya/fpga/sdc/red_pitaya.xdc (Line: 211)
Related violations: <none>

REQP-20#1 Advisory
enum_AREG_0_connects_CEA1_GND_connects_CEA2_GND  
i_pid2/i_pid11/kd_mult: When DSP48E1 attribute AREG is set to 0, the CEA1 and CEA2 pins should be tied to GND to save power.
Related violations: <none>

REQP-20#2 Advisory
enum_AREG_0_connects_CEA1_GND_connects_CEA2_GND  
i_pid2/i_pid11/ki_mult0: When DSP48E1 attribute AREG is set to 0, the CEA1 and CEA2 pins should be tied to GND to save power.
Related violations: <none>

REQP-20#3 Advisory
enum_AREG_0_connects_CEA1_GND_connects_CEA2_GND  
i_pid2/i_pid11/kp_mult20: When DSP48E1 attribute AREG is set to 0, the CEA1 and CEA2 pins should be tied to GND to save power.
Related violations: <none>

REQP-20#4 Advisory
enum_AREG_0_connects_CEA1_GND_connects_CEA2_GND  
i_pid2/i_pid22/kd_mult: When DSP48E1 attribute AREG is set to 0, the CEA1 and CEA2 pins should be tied to GND to save power.
Related violations: <none>

REQP-20#5 Advisory
enum_AREG_0_connects_CEA1_GND_connects_CEA2_GND  
i_pid2/i_pid22/ki_mult0: When DSP48E1 attribute AREG is set to 0, the CEA1 and CEA2 pins should be tied to GND to save power.
Related violations: <none>

REQP-20#6 Advisory
enum_AREG_0_connects_CEA1_GND_connects_CEA2_GND  
i_pid2/i_pid22/kp_mult20: When DSP48E1 attribute AREG is set to 0, the CEA1 and CEA2 pins should be tied to GND to save power.
Related violations: <none>


