Copyright 1986-2015 Xilinx, Inc. All Rights Reserved.
----------------------------------------------------------------------------------------------------------------
| Tool Version : Vivado v.2015.4 (lin64) Build 1412921 Wed Nov 18 09:44:32 MST 2015
| Date         : Sun Nov 18 15:15:12 2018
| Host         : ilyich-VirtualBox running 64-bit Ubuntu 16.04.5 LTS
| Command      : report_timing -file out/post_route_timing.rpt -sort_by group -max_paths 100 -path_type summary
| Design       : red_pitaya_top
| Device       : 7z010-clg400
| Speed File   : -1  PRODUCTION 1.11 2014-09-11
----------------------------------------------------------------------------------------------------------------

Timing Report

Startpoint                     Endpoint                       Slack(ns)     
----------------------------------------------------------------------------
i_asg/ch[1]/dac_o_reg[0]/C     i_pid2/i_pid22/error_reg[10]/S -4.034        
i_asg/ch[1]/dac_o_reg[0]/C     i_pid2/i_pid22/error_reg[9]/S  -4.034        
i_asg/ch[1]/dac_o_reg[0]/C     i_pid2/i_pid22/psdsp_19/D      -3.931        
i_asg/ch[1]/dac_o_reg[0]/C     i_pid2/i_pid22/error_reg[11]/S -3.925        
i_asg/ch[1]/dac_o_reg[0]/C     i_pid2/i_pid22/error_reg[13]/S -3.925        
i_asg/ch[1]/dac_o_reg[0]/C     i_pid2/i_pid22/error_reg[3]/S  -3.925        
i_asg/ch[1]/dac_o_reg[0]/C     i_pid2/i_pid22/error_reg[7]/S  -3.925        
i_asg/ch[1]/dac_o_reg[0]/C     i_pid2/i_pid22/error_reg[12]/S -3.918        
i_asg/ch[1]/dac_o_reg[0]/C     i_pid2/i_pid22/error_reg[2]/S  -3.918        
i_asg/ch[1]/dac_o_reg[0]/C     i_pid2/i_pid22/error_reg[5]/S  -3.918        
i_asg/ch[1]/dac_o_reg[0]/C     i_pid2/i_pid22/error_reg[6]/S  -3.918        
i_asg/ch[1]/dac_o_reg[0]/C     i_pid2/i_pid22/error_reg[0]/S  -3.885        
i_asg/ch[1]/dac_o_reg[0]/C     i_pid2/i_pid22/error_reg[1]/S  -3.885        
i_asg/ch[1]/dac_o_reg[0]/C     i_pid2/i_pid22/error_reg[4]/S  -3.885        
i_asg/ch[1]/dac_o_reg[0]/C     i_pid2/i_pid22/error_reg[8]/S  -3.885        
i_asg/ch[1]/dac_o_reg[0]/C     i_pid2/i_pid22/psdsp_29/D      -3.876        
i_asg/ch[1]/dac_o_reg[0]/C     i_pid2/i_pid22/psdsp_89/D      -3.846        
i_asg/ch[1]/dac_o_reg[0]/C     i_pid2/i_pid22/psdsp_59/D      -3.823        
i_asg/ch[1]/dac_o_reg[0]/C     i_pid2/i_pid22/psdsp_47/D      -3.811        
i_asg/ch[1]/dac_o_reg[0]/C     i_pid2/i_pid22/psdsp_77/D      -3.799        
i_asg/ch[1]/dac_o_reg[0]/C     i_pid2/i_pid22/psdsp_17/D      -3.788        
i_asg/ch[1]/dac_o_reg[0]/C     i_pid2/i_pid22/psdsp_81/D      -3.774        
i_asg/ch[1]/dac_o_reg[0]/C     i_pid2/i_pid22/psdsp_50/D      -3.773        
i_asg/ch[1]/dac_o_reg[0]/C     i_pid2/i_pid22/psdsp_22/D      -3.765        
i_asg/ch[1]/dac_o_reg[0]/C     i_pid2/i_pid22/psdsp_28/D      -3.760        
i_asg/ch[0]/dac_o_reg[13]/C    i_pid2/i_pid11/psdsp_83/D      -3.745        
i_asg/ch[1]/dac_o_reg[0]/C     i_pid2/i_pid22/psdsp_53/D      -3.724        
i_asg/ch[1]/dac_o_reg[0]/C     i_pid2/i_pid22/psdsp_23/D      -3.717        
i_asg/ch[1]/dac_o_reg[0]/C     i_pid2/i_pid22/psdsp_4/D       -3.716        
i_asg/ch[1]/dac_o_reg[0]/C     i_pid2/i_pid22/psdsp_49/D      -3.713        
i_asg/ch[1]/dac_o_reg[0]/C     i_pid2/i_pid22/psdsp_9/D       -3.703        
i_asg/ch[1]/dac_o_reg[0]/C     i_pid2/i_pid22/psdsp_18/D      -3.692        
i_asg/ch[1]/dac_o_reg[0]/C     i_pid2/i_pid22/psdsp_20/D      -3.686        
i_asg/ch[1]/dac_o_reg[0]/C     i_pid2/i_pid22/psdsp_68/D      -3.678        
i_asg/ch[1]/dac_o_reg[0]/C     i_pid2/i_pid22/psdsp_24/D      -3.675        
i_asg/ch[1]/dac_o_reg[0]/C     i_pid2/i_pid22/psdsp_87/D      -3.669        
i_asg/ch[0]/dac_o_reg[13]/C    i_pid2/i_pid11/error_reg[10]/R -3.665        
i_asg/ch[0]/dac_o_reg[13]/C    i_pid2/i_pid11/error_reg[5]/R  -3.665        
i_asg/ch[1]/dac_o_reg[0]/C     i_pid2/i_pid22/psdsp_84/D      -3.662        
i_asg/ch[1]/dac_o_reg[0]/C     i_pid2/i_pid22/psdsp_86/D      -3.660        
i_asg/ch[1]/dac_o_reg[0]/C     i_pid2/i_pid22/psdsp_39/D      -3.658        
i_asg/ch[0]/dac_o_reg[13]/C    i_pid2/i_pid11/error_reg[3]/D  -3.658        
i_asg/ch[1]/dac_o_reg[0]/C     i_pid2/i_pid22/psdsp_80/D      -3.657        
i_asg/ch[1]/dac_o_reg[0]/C     i_pid2/i_pid22/psdsp_82/D      -3.648        
i_asg/ch[1]/dac_o_reg[0]/C     i_pid2/i_pid22/psdsp_56/D      -3.640        
i_asg/ch[1]/dac_o_reg[0]/C     i_pid2/i_pid22/psdsp_76/D      -3.640        
i_asg/ch[1]/dac_o_reg[0]/C     i_pid2/i_pid22/psdsp_54/D      -3.639        
i_asg/ch[1]/dac_o_reg[0]/C     i_pid2/i_pid22/psdsp_8/D       -3.638        
i_asg/ch[0]/dac_o_reg[13]/C    i_pid2/i_pid11/psdsp_85/D      -3.636        
i_asg/ch[1]/dac_o_reg[0]/C     i_pid2/i_pid22/psdsp_46/D      -3.628        
i_asg/ch[1]/dac_o_reg[0]/C     i_pid2/i_pid22/psdsp_40/D      -3.627        
i_asg/ch[1]/dac_o_reg[0]/C     i_pid2/i_pid22/psdsp_48/D      -3.620        
i_asg/ch[1]/dac_o_reg[0]/C     i_pid2/i_pid22/psdsp_78/D      -3.619        
i_asg/ch[1]/dac_o_reg[0]/C     i_pid2/i_pid22/psdsp_25/D      -3.618        
i_asg/ch[1]/dac_o_reg[0]/C     i_pid2/i_pid22/psdsp_51/D      -3.615        
i_pid2/i_pid11/psdsp_81/C      i_pid2/i_pid11/kp_reg2_reg[11]/S
                                                              -3.614        
i_pid2/i_pid11/psdsp_81/C      i_pid2/i_pid11/kp_reg2_reg[8]/S
                                                              -3.614        
i_asg/ch[1]/dac_o_reg[0]/C     i_pid2/i_pid22/psdsp_85/D      -3.606        
i_asg/ch[1]/dac_o_reg[0]/C     i_pid2/i_pid22/psdsp_15/D      -3.603        
i_asg/ch[0]/dac_o_reg[13]/C    i_pid2/i_pid11/psdsp_84/D      -3.601        
i_asg/ch[1]/dac_o_reg[0]/C     i_pid2/i_pid22/psdsp_79/D      -3.592        
i_asg/ch[1]/dac_o_reg[0]/C     i_pid2/i_pid22/psdsp_14/D      -3.591        
i_asg/ch[0]/dac_o_reg[13]/C    i_pid2/i_pid11/psdsp_81/D      -3.589        
i_asg/ch[0]/dac_o_reg[13]/C    i_pid2/i_pid11/psdsp_87/D      -3.586        
i_asg/ch[1]/dac_o_reg[0]/C     i_pid2/i_pid22/psdsp_10/D      -3.583        
i_asg/ch[0]/dac_o_reg[13]/C    i_pid2/i_pid11/psdsp_89/D      -3.582        
i_asg/ch[1]/dac_o_reg[0]/C     i_pid2/i_pid22/psdsp_44/D      -3.575        
i_asg/ch[0]/dac_o_reg[13]/C    i_pid2/i_pid11/psdsp_78/D      -3.572        
i_asg/ch[1]/dac_o_reg[0]/C     i_pid2/i_pid22/psdsp_37/D      -3.571        
i_asg/ch[0]/dac_o_reg[13]/C    i_pid2/i_pid11/error_reg[12]/R -3.570        
i_asg/ch[0]/dac_o_reg[13]/C    i_pid2/i_pid11/error_reg[1]/R  -3.570        
i_asg/ch[0]/dac_o_reg[13]/C    i_pid2/i_pid11/error_reg[2]/R  -3.570        
i_asg/ch[0]/dac_o_reg[13]/C    i_pid2/i_pid11/error_reg[6]/R  -3.570        
i_asg/ch[0]/dac_o_reg[13]/C    i_pid2/i_pid11/error_reg[0]/R  -3.569        
i_asg/ch[0]/dac_o_reg[13]/C    i_pid2/i_pid11/error_reg[11]/R -3.569        
i_asg/ch[0]/dac_o_reg[13]/C    i_pid2/i_pid11/error_reg[4]/R  -3.569        
i_asg/ch[0]/dac_o_reg[13]/C    i_pid2/i_pid11/error_reg[8]/R  -3.569        
i_asg/ch[1]/dac_o_reg[0]/C     i_pid2/i_pid22/psdsp_11/D      -3.568        
i_asg/ch[0]/dac_o_reg[13]/C    i_pid2/i_pid11/psdsp_68/D      -3.565        
i_asg/ch[1]/dac_o_reg[0]/C     i_pid2/i_pid22/psdsp_7/D       -3.565        
i_asg/ch[0]/dac_o_reg[13]/C    i_pid2/i_pid11/error_reg[13]/R -3.564        
i_asg/ch[1]/dac_o_reg[0]/C     i_pid2/i_pid22/psdsp_55/D      -3.562        
i_asg/ch[1]/dac_o_reg[0]/C     i_pid2/i_pid22/psdsp_21/D      -3.561        
i_asg/ch[1]/dac_o_reg[0]/C     i_pid2/i_pid22/psdsp_2/D       -3.556        
i_asg/ch[0]/dac_o_reg[13]/C    i_pid2/i_pid11/psdsp_56/D      -3.545        
i_asg/ch[1]/dac_o_reg[0]/C     i_pid2/i_pid22/psdsp_27/D      -3.545        
i_asg/ch[1]/dac_o_reg[0]/C     i_pid2/i_pid22/psdsp_45/D      -3.542        
i_asg/ch[1]/dac_o_reg[0]/C     i_pid2/i_pid22/psdsp_42/D      -3.540        
i_asg/ch[1]/dac_o_reg[0]/C     i_pid2/i_pid22/psdsp_3/D       -3.533        
i_asg/ch[1]/dac_o_reg[0]/C     i_pid2/i_pid22/psdsp_41/D      -3.532        
i_asg/ch[1]/dac_o_reg[0]/C     i_pid2/i_pid22/psdsp_6/D       -3.527        
i_asg/ch[1]/dac_o_reg[0]/C     i_pid2/i_pid22/psdsp_57/D      -3.522        
i_asg/ch[1]/dac_o_reg[0]/C     i_pid2/i_pid22/psdsp_83/D      -3.518        
i_pid2/i_pid11/psdsp_81/C      i_pid2/i_pid11/kp_reg2_reg[0]/S
                                                              -3.516        
i_pid2/i_pid11/psdsp_81/C      i_pid2/i_pid11/kp_reg2_reg[10]/S
                                                              -3.516        
i_pid2/i_pid11/psdsp_81/C      i_pid2/i_pid11/kp_reg2_reg[1]/S
                                                              -3.516        
i_pid2/i_pid11/psdsp_81/C      i_pid2/i_pid11/kp_reg2_reg[2]/S
                                                              -3.516        
i_pid2/i_pid11/psdsp_81/C      i_pid2/i_pid11/kp_reg2_reg[12]/S
                                                              -3.512        
i_pid2/i_pid11/psdsp_81/C      i_pid2/i_pid11/kp_reg2_reg[6]/S
                                                              -3.512        
i_pid2/i_pid11/psdsp_81/C      i_pid2/i_pid11/kp_reg2_reg[9]/S
                                                              -3.512        
i_ps/system_i/system_i/xadc/inst/INTR_CTRLR_GEN_I.ip2bus_rdack_reg/C
                               i_ps/system_i/system_i/axi_protocol_converter_0/inst/gen_axilite.gen_b2s_conv.axilite_b2s/RD.ar_channel_0/cmd_translator_0/incr_cmd_0/axaddr_incr_reg[11]/D
                                                              -1.255        
i_ps/system_i/system_i/xadc/inst/INTR_CTRLR_GEN_I.ip2bus_wrack_reg/C
                               i_ps/system_i/system_i/axi_protocol_converter_0/inst/gen_axilite.gen_b2s_conv.axilite_b2s/WR.aw_channel_0/cmd_translator_0/incr_cmd_0/axaddr_incr_reg[11]/D
                                                              -0.905        
i_ps/system_i/system_i/axi_protocol_converter_0/inst/gen_axilite.gen_b2s_conv.axilite_b2s/SI_REG/ar_pipe/m_payload_i_reg[2]/C
                               i_ps/system_i/system_i/xadc/inst/AXI_XADC_CORE_I/XADC_INST/DADDR[0]
                                                              -0.859        
i_ps/system_i/system_i/axi_protocol_converter_0/inst/gen_axilite.gen_b2s_conv.axilite_b2s/SI_REG/aw_pipe/m_payload_i_reg[5]/C
                               i_ps/system_i/system_i/xadc/inst/AXI_LITE_IPIF_I/I_SLAVE_ATTACHMENT/I_DECODER/GEN_BKEND_CE_REGISTERS[5].ce_out_i_reg[5]/D
                                                              -0.847        
i_ps/system_i/system_i/axi_protocol_converter_0/inst/gen_axilite.gen_b2s_conv.axilite_b2s/SI_REG/aw_pipe/m_payload_i_reg[5]/C
                               i_ps/system_i/system_i/xadc/inst/AXI_LITE_IPIF_I/I_SLAVE_ATTACHMENT/I_DECODER/GEN_BKEND_CE_REGISTERS[7].ce_out_i_reg[7]/D
                                                              -0.844        
i_ps/system_i/system_i/axi_protocol_converter_0/inst/gen_axilite.gen_b2s_conv.axilite_b2s/RD.r_channel_0/rd_data_fifo_0/cnt_read_reg[3]_rep__2/C
                               i_ps/system_i/system_i/axi_protocol_converter_0/inst/gen_axilite.gen_b2s_conv.axilite_b2s/RD.ar_channel_0/cmd_translator_0/wrap_cmd_0/wrap_cnt_r_reg[0]/CE
                                                              -0.815        
i_ps/system_i/system_i/axi_protocol_converter_0/inst/gen_axilite.gen_b2s_conv.axilite_b2s/SI_REG/ar_pipe/m_payload_i_reg[3]/C
                               i_ps/system_i/system_i/xadc/inst/AXI_XADC_CORE_I/XADC_INST/DADDR[1]
                                                              -0.782        
i_ps/system_i/system_i/axi_protocol_converter_0/inst/gen_axilite.gen_b2s_conv.axilite_b2s/SI_REG/ar_pipe/m_payload_i_reg[8]/C
                               i_ps/system_i/system_i/xadc/inst/AXI_LITE_IPIF_I/I_SLAVE_ATTACHMENT/I_DECODER/GEN_BKEND_CE_REGISTERS[20].ce_out_i_reg[20]/D
                                                              -0.778        
i_ps/system_i/system_i/axi_protocol_converter_0/inst/gen_axilite.gen_b2s_conv.axilite_b2s/SI_REG/ar_pipe/m_payload_i_reg[8]/C
                               i_ps/system_i/system_i/xadc/inst/AXI_LITE_IPIF_I/I_SLAVE_ATTACHMENT/I_DECODER/GEN_BKEND_CE_REGISTERS[15].ce_out_i_reg[15]/D
                                                              -0.763        
i_ps/system_i/system_i/axi_protocol_converter_0/inst/gen_axilite.gen_b2s_conv.axilite_b2s/RD.r_channel_0/rd_data_fifo_0/cnt_read_reg[3]_rep__2/C
                               i_ps/system_i/system_i/axi_protocol_converter_0/inst/gen_axilite.gen_b2s_conv.axilite_b2s/RD.ar_channel_0/s_arid_r_reg[0]/CE
                                                              -0.761        
i_ps/system_i/system_i/axi_protocol_converter_0/inst/gen_axilite.gen_b2s_conv.axilite_b2s/RD.r_channel_0/rd_data_fifo_0/cnt_read_reg[3]_rep__2/C
                               i_ps/system_i/system_i/axi_protocol_converter_0/inst/gen_axilite.gen_b2s_conv.axilite_b2s/RD.ar_channel_0/s_arid_r_reg[10]/CE
                                                              -0.761        
i_ps/system_i/system_i/axi_protocol_converter_0/inst/gen_axilite.gen_b2s_conv.axilite_b2s/RD.r_channel_0/rd_data_fifo_0/cnt_read_reg[3]_rep__2/C
                               i_ps/system_i/system_i/axi_protocol_converter_0/inst/gen_axilite.gen_b2s_conv.axilite_b2s/RD.ar_channel_0/s_arid_r_reg[4]/CE
                                                              -0.761        
i_ps/system_i/system_i/axi_protocol_converter_0/inst/gen_axilite.gen_b2s_conv.axilite_b2s/RD.r_channel_0/rd_data_fifo_0/cnt_read_reg[3]_rep__2/C
                               i_ps/system_i/system_i/axi_protocol_converter_0/inst/gen_axilite.gen_b2s_conv.axilite_b2s/RD.ar_channel_0/s_arid_r_reg[6]/CE
                                                              -0.761        
i_ps/system_i/system_i/axi_protocol_converter_0/inst/gen_axilite.gen_b2s_conv.axilite_b2s/RD.r_channel_0/rd_data_fifo_0/cnt_read_reg[3]_rep__2/C
                               i_ps/system_i/system_i/axi_protocol_converter_0/inst/gen_axilite.gen_b2s_conv.axilite_b2s/RD.ar_channel_0/s_arid_r_reg[7]/CE
                                                              -0.761        
i_ps/system_i/system_i/axi_protocol_converter_0/inst/gen_axilite.gen_b2s_conv.axilite_b2s/RD.r_channel_0/rd_data_fifo_0/cnt_read_reg[3]_rep__2/C
                               i_ps/system_i/system_i/axi_protocol_converter_0/inst/gen_axilite.gen_b2s_conv.axilite_b2s/RD.ar_channel_0/s_arid_r_reg[5]/CE
                                                              -0.756        
i_ps/system_i/system_i/axi_protocol_converter_0/inst/gen_axilite.gen_b2s_conv.axilite_b2s/SI_REG/aw_pipe/m_payload_i_reg[5]/C
                               i_ps/system_i/system_i/xadc/inst/AXI_LITE_IPIF_I/I_SLAVE_ATTACHMENT/I_DECODER/GEN_BKEND_CE_REGISTERS[4].ce_out_i_reg[4]/D
                                                              -0.725        
i_ps/system_i/system_i/xadc/inst/INTR_CTRLR_GEN_I.ip2bus_wrack_reg/C
                               i_ps/system_i/system_i/axi_protocol_converter_0/inst/gen_axilite.gen_b2s_conv.axilite_b2s/WR.aw_channel_0/cmd_translator_0/incr_cmd_0/axaddr_incr_reg[3]/D
                                                              -0.671        
i_ps/system_i/system_i/xadc/inst/INTR_CTRLR_GEN_I.ip2bus_rdack_reg/C
                               i_ps/system_i/system_i/axi_protocol_converter_0/inst/gen_axilite.gen_b2s_conv.axilite_b2s/RD.ar_channel_0/cmd_translator_0/incr_cmd_0/axaddr_incr_reg[9]/D
                                                              -0.667        
i_ps/system_i/system_i/axi_protocol_converter_0/inst/gen_axilite.gen_b2s_conv.axilite_b2s/RD.r_channel_0/rd_data_fifo_0/cnt_read_reg[3]_rep__2/C
                               i_ps/system_i/system_i/axi_protocol_converter_0/inst/gen_axilite.gen_b2s_conv.axilite_b2s/RD.ar_channel_0/cmd_translator_0/s_axburst_eq0_reg/CE
                                                              -0.658        
i_ps/system_i/system_i/axi_protocol_converter_0/inst/gen_axilite.gen_b2s_conv.axilite_b2s/RD.r_channel_0/rd_data_fifo_0/cnt_read_reg[3]_rep__2/C
                               i_ps/system_i/system_i/axi_protocol_converter_0/inst/gen_axilite.gen_b2s_conv.axilite_b2s/RD.ar_channel_0/cmd_translator_0/s_axburst_eq1_reg/CE
                                                              -0.658        
i_ps/system_i/system_i/axi_protocol_converter_0/inst/gen_axilite.gen_b2s_conv.axilite_b2s/RD.r_channel_0/rd_data_fifo_0/cnt_read_reg[3]_rep__2/C
                               i_ps/system_i/system_i/axi_protocol_converter_0/inst/gen_axilite.gen_b2s_conv.axilite_b2s/RD.ar_channel_0/cmd_translator_0/wrap_cmd_0/wrap_cnt_r_reg[1]/CE
                                                              -0.658        
i_ps/system_i/system_i/axi_protocol_converter_0/inst/gen_axilite.gen_b2s_conv.axilite_b2s/RD.r_channel_0/rd_data_fifo_0/cnt_read_reg[3]_rep__2/C
                               i_ps/system_i/system_i/axi_protocol_converter_0/inst/gen_axilite.gen_b2s_conv.axilite_b2s/RD.ar_channel_0/cmd_translator_0/wrap_cmd_0/wrap_cnt_r_reg[2]/CE
                                                              -0.658        
i_ps/system_i/system_i/axi_protocol_converter_0/inst/gen_axilite.gen_b2s_conv.axilite_b2s/RD.r_channel_0/rd_data_fifo_0/cnt_read_reg[3]_rep__2/C
                               i_ps/system_i/system_i/axi_protocol_converter_0/inst/gen_axilite.gen_b2s_conv.axilite_b2s/RD.ar_channel_0/cmd_translator_0/wrap_cmd_0/wrap_cnt_r_reg[3]/CE
                                                              -0.658        
i_ps/system_i/system_i/axi_protocol_converter_0/inst/gen_axilite.gen_b2s_conv.axilite_b2s/RD.r_channel_0/rd_data_fifo_0/cnt_read_reg[3]_rep__2/C
                               i_ps/system_i/system_i/axi_protocol_converter_0/inst/gen_axilite.gen_b2s_conv.axilite_b2s/RD.ar_channel_0/s_arid_r_reg[1]/CE
                                                              -0.658        
i_ps/system_i/system_i/axi_protocol_converter_0/inst/gen_axilite.gen_b2s_conv.axilite_b2s/RD.r_channel_0/rd_data_fifo_0/cnt_read_reg[3]_rep__2/C
                               i_ps/system_i/system_i/axi_protocol_converter_0/inst/gen_axilite.gen_b2s_conv.axilite_b2s/RD.ar_channel_0/s_arid_r_reg[2]/CE
                                                              -0.658        
i_ps/system_i/system_i/axi_protocol_converter_0/inst/gen_axilite.gen_b2s_conv.axilite_b2s/SI_REG/ar_pipe/m_payload_i_reg[8]/C
                               i_ps/system_i/system_i/xadc/inst/AXI_LITE_IPIF_I/I_SLAVE_ATTACHMENT/I_DECODER/GEN_BKEND_CE_REGISTERS[9].ce_out_i_reg[9]/D
                                                              -0.655        
i_ps/system_i/system_i/axi_protocol_converter_0/inst/gen_axilite.gen_b2s_conv.axilite_b2s/SI_REG/aw_pipe/m_payload_i_reg[5]/C
                               i_ps/system_i/system_i/xadc/inst/AXI_LITE_IPIF_I/I_SLAVE_ATTACHMENT/I_DECODER/GEN_BKEND_CE_REGISTERS[2].ce_out_i_reg[2]/D
                                                              -0.651        
i_ps/system_i/system_i/axi_protocol_converter_0/inst/gen_axilite.gen_b2s_conv.axilite_b2s/SI_REG/aw_pipe/m_payload_i_reg[5]/C
                               i_ps/system_i/system_i/xadc/inst/AXI_LITE_IPIF_I/I_SLAVE_ATTACHMENT/I_DECODER/GEN_BKEND_CE_REGISTERS[3].ce_out_i_reg[3]/D
                                                              -0.646        
i_ps/system_i/system_i/axi_protocol_converter_0/inst/gen_axilite.gen_b2s_conv.axilite_b2s/SI_REG/ar_pipe/m_payload_i_reg[8]/C
                               i_ps/system_i/system_i/xadc/inst/AXI_XADC_CORE_I/XADC_INST/DADDR[6]
                                                              -0.645        
i_ps/system_i/system_i/axi_protocol_converter_0/inst/gen_axilite.gen_b2s_conv.axilite_b2s/SI_REG/ar_pipe/m_payload_i_reg[8]/C
                               i_ps/system_i/system_i/xadc/inst/AXI_LITE_IPIF_I/I_SLAVE_ATTACHMENT/I_DECODER/GEN_BKEND_CE_REGISTERS[23].ce_out_i_reg[23]/D
                                                              -0.644        
i_ps/system_i/system_i/axi_protocol_converter_0/inst/gen_axilite.gen_b2s_conv.axilite_b2s/SI_REG/ar_pipe/m_payload_i_reg[8]/C
                               i_ps/system_i/system_i/xadc/inst/AXI_LITE_IPIF_I/I_SLAVE_ATTACHMENT/I_DECODER/GEN_BKEND_CE_REGISTERS[18].ce_out_i_reg[18]/D
                                                              -0.642        
i_ps/system_i/system_i/axi_protocol_converter_0/inst/gen_axilite.gen_b2s_conv.axilite_b2s/SI_REG/ar_pipe/m_payload_i_reg[8]/C
                               i_ps/system_i/system_i/xadc/inst/AXI_LITE_IPIF_I/I_SLAVE_ATTACHMENT/I_DECODER/GEN_BKEND_CE_REGISTERS[13].ce_out_i_reg[13]/D
                                                              -0.632        
i_ps/system_i/system_i/axi_protocol_converter_0/inst/gen_axilite.gen_b2s_conv.axilite_b2s/RD.ar_channel_0/ar_cmd_fsm_0/state_reg[0]/C
                               i_ps/system_i/system_i/axi_protocol_converter_0/inst/gen_axilite.gen_b2s_conv.axilite_b2s/RD.ar_channel_0/cmd_translator_0/wrap_cmd_0/wrap_second_len_r_reg[0]/D
                                                              -0.621        
i_ps/system_i/system_i/axi_protocol_converter_0/inst/gen_axilite.gen_b2s_conv.axilite_b2s/SI_REG/ar_pipe/m_payload_i_reg[8]/C
                               i_ps/system_i/system_i/xadc/inst/AXI_LITE_IPIF_I/I_SLAVE_ATTACHMENT/I_DECODER/GEN_BKEND_CE_REGISTERS[17].ce_out_i_reg[17]/D
                                                              -0.615        
i_ps/system_i/system_i/axi_protocol_converter_0/inst/gen_axilite.gen_b2s_conv.axilite_b2s/SI_REG/ar_pipe/m_payload_i_reg[8]/C
                               i_ps/system_i/system_i/xadc/inst/AXI_LITE_IPIF_I/I_SLAVE_ATTACHMENT/I_DECODER/GEN_BKEND_CE_REGISTERS[21].ce_out_i_reg[21]/D
                                                              -0.614        
i_ps/system_i/system_i/axi_protocol_converter_0/inst/gen_axilite.gen_b2s_conv.axilite_b2s/SI_REG/ar_pipe/m_payload_i_reg[8]/C
                               i_ps/system_i/system_i/xadc/inst/AXI_LITE_IPIF_I/I_SLAVE_ATTACHMENT/I_DECODER/GEN_BKEND_CE_REGISTERS[12].ce_out_i_reg[12]/D
                                                              -0.605        
i_ps/system_i/system_i/axi_protocol_converter_0/inst/gen_axilite.gen_b2s_conv.axilite_b2s/WR.aw_channel_0/aw_cmd_fsm_0/state_reg[1]/C
                               i_ps/system_i/system_i/axi_protocol_converter_0/inst/gen_axilite.gen_b2s_conv.axilite_b2s/WR.aw_channel_0/cmd_translator_0/wrap_cmd_0/wrap_second_len_r_reg[0]/D
                                                              -0.602        
i_ps/system_i/system_i/axi_protocol_converter_0/inst/gen_axilite.gen_b2s_conv.axilite_b2s/RD.ar_channel_0/cmd_translator_0/wrap_cmd_0/axaddr_wrap_reg[6]/C
                               i_ps/system_i/system_i/xadc/inst/AXI_XADC_CORE_I/XADC_INST/DADDR[4]
                                                              -0.599        
i_ps/system_i/system_i/axi_protocol_converter_0/inst/gen_axilite.gen_b2s_conv.axilite_b2s/SI_REG/aw_pipe/m_payload_i_reg[5]/C
                               i_ps/system_i/system_i/xadc/inst/AXI_LITE_IPIF_I/I_SLAVE_ATTACHMENT/I_DECODER/GEN_BKEND_CE_REGISTERS[1].ce_out_i_reg[1]/D
                                                              -0.593        
i_ps/system_i/system_i/axi_protocol_converter_0/inst/gen_axilite.gen_b2s_conv.axilite_b2s/SI_REG/aw_pipe/m_payload_i_reg[5]/C
                               i_ps/system_i/system_i/xadc/inst/AXI_LITE_IPIF_I/I_SLAVE_ATTACHMENT/I_DECODER/GEN_BKEND_CE_REGISTERS[0].ce_out_i_reg[0]/D
                                                              -0.578        
i_ps/system_i/system_i/axi_protocol_converter_0/inst/gen_axilite.gen_b2s_conv.axilite_b2s/SI_REG/aw_pipe/m_payload_i_reg[5]/C
                               i_ps/system_i/system_i/xadc/inst/AXI_XADC_CORE_I/XADC_INST/DADDR[3]
                                                              -0.575        
i_ps/system_i/system_i/xadc/inst/INTR_CTRLR_GEN_I.ip2bus_rdack_reg/C
                               i_ps/system_i/system_i/axi_protocol_converter_0/inst/gen_axilite.gen_b2s_conv.axilite_b2s/RD.ar_channel_0/cmd_translator_0/incr_cmd_0/axaddr_incr_reg[10]/D
                                                              -0.572        
i_ps/system_i/system_i/xadc/inst/INTR_CTRLR_GEN_I.ip2bus_rdack_reg/C
                               i_ps/system_i/system_i/axi_protocol_converter_0/inst/gen_axilite.gen_b2s_conv.axilite_b2s/RD.ar_channel_0/cmd_translator_0/incr_cmd_0/axaddr_incr_reg[8]/D
                                                              -0.556        
i_ps/system_i/system_i/axi_protocol_converter_0/inst/gen_axilite.gen_b2s_conv.axilite_b2s/SI_REG/ar_pipe/m_payload_i_reg[8]/C
                               i_ps/system_i/system_i/xadc/inst/AXI_LITE_IPIF_I/I_SLAVE_ATTACHMENT/I_DECODER/GEN_BKEND_CE_REGISTERS[10].ce_out_i_reg[10]/D
                                                              -0.555        
i_ps/system_i/system_i/axi_protocol_converter_0/inst/gen_axilite.gen_b2s_conv.axilite_b2s/SI_REG/aw_pipe/m_payload_i_reg[5]/C
                               i_ps/system_i/system_i/xadc/inst/AXI_LITE_IPIF_I/I_SLAVE_ATTACHMENT/I_DECODER/GEN_BKEND_CE_REGISTERS[6].ce_out_i_reg[6]/D
                                                              -0.554        
i_ps/system_i/system_i/xadc/inst/INTR_CTRLR_GEN_I.ip2bus_rdack_reg/C
                               i_ps/system_i/system_i/axi_protocol_converter_0/inst/gen_axilite.gen_b2s_conv.axilite_b2s/RD.ar_channel_0/cmd_translator_0/incr_cmd_0/axaddr_incr_reg[5]/D
                                                              -0.552        
i_ps/system_i/system_i/axi_protocol_converter_0/inst/gen_axilite.gen_b2s_conv.axilite_b2s/SI_REG/ar_pipe/m_payload_i_reg[8]/C
                               i_ps/system_i/system_i/xadc/inst/AXI_LITE_IPIF_I/I_SLAVE_ATTACHMENT/I_DECODER/GEN_BKEND_CE_REGISTERS[14].ce_out_i_reg[14]/D
                                                              -0.537        
i_ps/system_i/system_i/axi_protocol_converter_0/inst/gen_axilite.gen_b2s_conv.axilite_b2s/RD.r_channel_0/rd_data_fifo_0/cnt_read_reg[3]_rep__2/C
                               i_ps/system_i/system_i/axi_protocol_converter_0/inst/gen_axilite.gen_b2s_conv.axilite_b2s/RD.ar_channel_0/s_arid_r_reg[9]/CE
                                                              -0.532        
i_ps/system_i/system_i/axi_protocol_converter_0/inst/gen_axilite.gen_b2s_conv.axilite_b2s/SI_REG/ar_pipe/m_payload_i_reg[8]/C
                               i_ps/system_i/system_i/xadc/inst/AXI_LITE_IPIF_I/I_SLAVE_ATTACHMENT/I_DECODER/GEN_BKEND_CE_REGISTERS[16].ce_out_i_reg[16]/D
                                                              -0.532        
i_ps/system_i/system_i/xadc/inst/INTR_CTRLR_GEN_I.ip2bus_rdack_reg/C
                               i_ps/system_i/system_i/axi_protocol_converter_0/inst/gen_axilite.gen_b2s_conv.axilite_b2s/RD.ar_channel_0/cmd_translator_0/incr_cmd_0/axaddr_incr_reg[7]/D
                                                              -0.531        
i_ps/system_i/system_i/axi_protocol_converter_0/inst/gen_axilite.gen_b2s_conv.axilite_b2s/SI_REG/ar_pipe/m_payload_i_reg[8]/C
                               i_ps/system_i/system_i/xadc/inst/AXI_LITE_IPIF_I/I_SLAVE_ATTACHMENT/I_DECODER/GEN_BKEND_CE_REGISTERS[11].ce_out_i_reg[11]/D
                                                              -0.519        
i_ps/system_i/system_i/axi_protocol_converter_0/inst/gen_axilite.gen_b2s_conv.axilite_b2s/SI_REG/ar_pipe/m_payload_i_reg[8]/C
                               i_ps/system_i/system_i/xadc/inst/AXI_LITE_IPIF_I/I_SLAVE_ATTACHMENT/I_DECODER/GEN_BKEND_CE_REGISTERS[22].ce_out_i_reg[22]/D
                                                              -0.514        
i_ps/system_i/system_i/axi_protocol_converter_0/inst/gen_axilite.gen_b2s_conv.axilite_b2s/SI_REG/ar_pipe/m_payload_i_reg[8]/C
                               i_ps/system_i/system_i/xadc/inst/AXI_LITE_IPIF_I/I_SLAVE_ATTACHMENT/I_DECODER/GEN_BKEND_CE_REGISTERS[8].ce_out_i_reg[8]/D
                                                              -0.509        
i_ps/system_i/system_i/axi_protocol_converter_0/inst/gen_axilite.gen_b2s_conv.axilite_b2s/SI_REG/ar_pipe/m_payload_i_reg[8]/C
                               i_ps/system_i/system_i/xadc/inst/AXI_LITE_IPIF_I/I_SLAVE_ATTACHMENT/I_DECODER/GEN_BKEND_CE_REGISTERS[19].ce_out_i_reg[19]/D
                                                              -0.502        
i_ps/system_i/system_i/axi_protocol_converter_0/inst/gen_axilite.gen_b2s_conv.axilite_b2s/SI_REG/ar_pipe/m_payload_i_reg[7]/C
                               i_ps/system_i/system_i/xadc/inst/AXI_XADC_CORE_I/XADC_INST/DADDR[5]
                                                              -0.466        
i_ps/system_i/system_i/xadc/inst/INTR_CTRLR_GEN_I.ip2bus_wrack_reg/C
                               i_ps/system_i/system_i/axi_protocol_converter_0/inst/gen_axilite.gen_b2s_conv.axilite_b2s/WR.aw_channel_0/cmd_translator_0/incr_cmd_0/axaddr_incr_reg[9]/D
                                                              -0.459        
i_ps/system_i/system_i/xadc/inst/INTR_CTRLR_GEN_I.ip2bus_rdack_reg/C
                               i_ps/system_i/system_i/axi_protocol_converter_0/inst/gen_axilite.gen_b2s_conv.axilite_b2s/RD.ar_channel_0/cmd_translator_0/incr_cmd_0/axaddr_incr_reg[6]/D
                                                              -0.457        
i_ps/system_i/system_i/axi_protocol_converter_0/inst/gen_axilite.gen_b2s_conv.axilite_b2s/RD.r_channel_0/rd_data_fifo_0/cnt_read_reg[3]_rep__2/C
                               i_ps/system_i/system_i/axi_protocol_converter_0/inst/gen_axilite.gen_b2s_conv.axilite_b2s/RD.ar_channel_0/s_arid_r_reg[11]/CE
                                                              -0.449        
i_ps/system_i/system_i/axi_protocol_converter_0/inst/gen_axilite.gen_b2s_conv.axilite_b2s/RD.r_channel_0/rd_data_fifo_0/cnt_read_reg[3]_rep__2/C
                               i_ps/system_i/system_i/axi_protocol_converter_0/inst/gen_axilite.gen_b2s_conv.axilite_b2s/RD.ar_channel_0/s_arid_r_reg[8]/CE
                                                              -0.449        
i_ps/system_i/system_i/xadc/inst/INTR_CTRLR_GEN_I.ip2bus_wrack_reg/C
                               i_ps/system_i/system_i/axi_protocol_converter_0/inst/gen_axilite.gen_b2s_conv.axilite_b2s/WR.aw_channel_0/cmd_translator_0/incr_cmd_0/axaddr_incr_reg[0]/D
                                                              -0.447        
i_ps/system_i/system_i/processing_system7/inst/PS7_i/MAXIGP1ACLK
                               i_ps/system_i/system_i/xadc/inst/INTR_CTRLR_GEN_I.ip2bus_wrack_reg/D
                                                              -0.446        
i_ps/system_i/system_i/xadc/inst/INTR_CTRLR_GEN_I.ip2bus_rdack_reg/C
                               i_ps/system_i/system_i/axi_protocol_converter_0/inst/gen_axilite.gen_b2s_conv.axilite_b2s/RD.ar_channel_0/cmd_translator_0/incr_cmd_0/axaddr_incr_reg[4]/D
                                                              -0.441        
i_ps/system_i/system_i/processing_system7/inst/PS7_i/MAXIGP1ACLK
                               i_ps/system_i/system_i/xadc/inst/INTR_CTRLR_GEN_I.INTERRUPT_CONTROL_I/ip_irpt_enable_reg_reg[1]/CE
                                                              -0.374        
i_ps/system_i/system_i/processing_system7/inst/PS7_i/MAXIGP1ACLK
                               i_ps/system_i/system_i/xadc/inst/INTR_CTRLR_GEN_I.INTERRUPT_CONTROL_I/ip_irpt_enable_reg_reg[3]/CE
                                                              -0.374        
i_ps/system_i/system_i/xadc/inst/INTR_CTRLR_GEN_I.ip2bus_wrack_reg/C
                               i_ps/system_i/system_i/axi_protocol_converter_0/inst/gen_axilite.gen_b2s_conv.axilite_b2s/WR.aw_channel_0/cmd_translator_0/incr_cmd_0/axaddr_incr_reg[10]/D
                                                              -0.364        
i_ps/system_i/system_i/axi_protocol_converter_0/inst/gen_axilite.gen_b2s_conv.axilite_b2s/RD.r_channel_0/rd_data_fifo_0/cnt_read_reg[3]_rep__2/C
                               i_ps/system_i/system_i/axi_protocol_converter_0/inst/gen_axilite.gen_b2s_conv.axilite_b2s/RD.r_channel_0/rd_data_fifo_0/cnt_read_reg[4]_rep__1/D
                                                              -0.353        
i_ps/system_i/system_i/xadc/inst/INTR_CTRLR_GEN_I.ip2bus_wrack_reg/C
                               i_ps/system_i/system_i/axi_protocol_converter_0/inst/gen_axilite.gen_b2s_conv.axilite_b2s/WR.aw_channel_0/cmd_translator_0/incr_cmd_0/axaddr_incr_reg[8]/D
                                                              -0.348        
i_ps/system_i/system_i/xadc/inst/INTR_CTRLR_GEN_I.ip2bus_wrack_reg/C
                               i_ps/system_i/system_i/axi_protocol_converter_0/inst/gen_axilite.gen_b2s_conv.axilite_b2s/WR.aw_channel_0/cmd_translator_0/incr_cmd_0/axaddr_incr_reg[5]/D
                                                              -0.344        
i_ps/system_i/system_i/processing_system7/inst/PS7_i/MAXIGP1ACLK
                               i_ps/system_i/system_i/xadc/inst/INTR_CTRLR_GEN_I.INTERRUPT_CONTROL_I/ip_irpt_enable_reg_reg[11]/CE
                                                              -0.338        
i_ps/system_i/system_i/processing_system7/inst/PS7_i/MAXIGP1ACLK
                               i_ps/system_i/system_i/xadc/inst/INTR_CTRLR_GEN_I.INTERRUPT_CONTROL_I/ip_irpt_enable_reg_reg[12]/CE
                                                              -0.338        
i_ps/system_i/system_i/processing_system7/inst/PS7_i/MAXIGP1ACLK
                               i_ps/system_i/system_i/xadc/inst/INTR_CTRLR_GEN_I.INTERRUPT_CONTROL_I/ip_irpt_enable_reg_reg[2]/CE
                                                              -0.338        
i_ps/system_i/system_i/processing_system7/inst/PS7_i/MAXIGP1ACLK
                               i_ps/system_i/system_i/xadc/inst/INTR_CTRLR_GEN_I.INTERRUPT_CONTROL_I/ip_irpt_enable_reg_reg[7]/CE
                                                              -0.338        
i_ps/system_i/system_i/xadc/inst/INTR_CTRLR_GEN_I.ip2bus_wrack_reg/C
                               i_ps/system_i/system_i/axi_protocol_converter_0/inst/gen_axilite.gen_b2s_conv.axilite_b2s/WR.aw_channel_0/cmd_translator_0/incr_cmd_0/axaddr_incr_reg[7]/D
                                                              -0.323        
i_ps/system_i/system_i/processing_system7/inst/PS7_i/MAXIGP1ACLK
                               i_ps/system_i/system_i/xadc/inst/INTR_CTRLR_GEN_I.INTERRUPT_CONTROL_I/ip_irpt_enable_reg_reg[13]/CE
                                                              -0.321        
i_ps/system_i/system_i/processing_system7/inst/PS7_i/MAXIGP1ACLK
                               i_ps/system_i/system_i/xadc/inst/INTR_CTRLR_GEN_I.INTERRUPT_CONTROL_I/ip_irpt_enable_reg_reg[5]/CE
                                                              -0.321        
pwm[2]/v_r_reg[5]/C            pwm[2]/pwm_o_reg/D             -0.296        
i_ps/system_i/system_i/processing_system7/inst/PS7_i/MAXIGP1ACLK
                               i_ps/system_i/system_i/xadc/inst/INTR_CTRLR_GEN_I.INTERRUPT_CONTROL_I/ip_irpt_enable_reg_reg[14]/CE
                                                              -0.287        
i_ps/system_i/system_i/axi_protocol_converter_0/inst/gen_axilite.gen_b2s_conv.axilite_b2s/RD.r_channel_0/rd_data_fifo_0/cnt_read_reg[3]_rep__2/C
                               i_ps/system_i/system_i/axi_protocol_converter_0/inst/gen_axilite.gen_b2s_conv.axilite_b2s/RD.r_channel_0/rd_data_fifo_0/cnt_read_reg[4]/D
                                                              -0.284        
i_ps/system_i/system_i/axi_protocol_converter_0/inst/gen_axilite.gen_b2s_conv.axilite_b2s/RD.ar_channel_0/cmd_translator_0/wrap_cmd_0/axaddr_wrap_reg[4]/C
                               i_ps/system_i/system_i/xadc/inst/AXI_XADC_CORE_I/XADC_INST/DADDR[2]
                                                              -0.281        
pwm[0]/vcnt_r_reg[0]/C         pwm[0]/pwm_o_reg/D             -0.278        
i_ps/system_i/system_i/axi_protocol_converter_0/inst/gen_axilite.gen_b2s_conv.axilite_b2s/RD.r_channel_0/rd_data_fifo_0/cnt_read_reg[3]_rep__2/C
                               i_ps/system_i/system_i/axi_protocol_converter_0/inst/gen_axilite.gen_b2s_conv.axilite_b2s/RD.ar_channel_0/s_arid_r_reg[3]/CE
                                                              -0.265        
i_ps/system_i/system_i/processing_system7/inst/PS7_i/MAXIGP1ACLK
                               i_ps/system_i/system_i/xadc/inst/INTR_CTRLR_GEN_I.INTERRUPT_CONTROL_I/ip_irpt_enable_reg_reg[0]/CE
                                                              -0.264        
i_ps/system_i/system_i/processing_system7/inst/PS7_i/MAXIGP1ACLK
                               i_ps/system_i/system_i/xadc/inst/INTR_CTRLR_GEN_I.INTERRUPT_CONTROL_I/ip_irpt_enable_reg_reg[10]/CE
                                                              -0.264        
i_ps/system_i/system_i/processing_system7/inst/PS7_i/MAXIGP1ACLK
                               i_ps/system_i/system_i/xadc/inst/INTR_CTRLR_GEN_I.INTERRUPT_CONTROL_I/ip_irpt_enable_reg_reg[15]/CE
                                                              -0.264        
i_ps/system_i/system_i/processing_system7/inst/PS7_i/MAXIGP1ACLK
                               i_ps/system_i/system_i/xadc/inst/INTR_CTRLR_GEN_I.INTERRUPT_CONTROL_I/ip_irpt_enable_reg_reg[8]/CE
                                                              -0.264        
i_ps/system_i/system_i/xadc/inst/INTR_CTRLR_GEN_I.ip2bus_wrack_reg/C
                               i_ps/system_i/system_i/axi_protocol_converter_0/inst/gen_axilite.gen_b2s_conv.axilite_b2s/WR.aw_channel_0/cmd_translator_0/incr_cmd_0/axaddr_incr_reg[6]/D
                                                              -0.249        
pwm[1]/vcnt_r_reg[2]/C         pwm[1]/pwm_o_reg/D             -0.243        
i_ps/system_i/system_i/xadc/inst/INTR_CTRLR_GEN_I.ip2bus_wrack_reg/C
                               i_ps/system_i/system_i/axi_protocol_converter_0/inst/gen_axilite.gen_b2s_conv.axilite_b2s/WR.aw_channel_0/cmd_translator_0/incr_cmd_0/axaddr_incr_reg[4]/D
                                                              -0.233        
i_ps/system_i/system_i/processing_system7/inst/PS7_i/MAXIGP1ACLK
                               i_ps/system_i/system_i/xadc/inst/INTR_CTRLR_GEN_I.INTERRUPT_CONTROL_I/ip_irpt_enable_reg_reg[6]/CE
                                                              -0.231        
pwm[3]/vcnt_r_reg[0]/C         pwm[3]/pwm_o_reg/D             -0.222        
i_ps/system_i/system_i/xadc/inst/INTR_CTRLR_GEN_I.ip2bus_rdack_reg/C
                               i_ps/system_i/system_i/axi_protocol_converter_0/inst/gen_axilite.gen_b2s_conv.axilite_b2s/RD.ar_channel_0/cmd_translator_0/incr_cmd_0/axlen_cnt_reg[5]/CE
                                                              -0.179        
i_ps/system_i/system_i/xadc/inst/INTR_CTRLR_GEN_I.ip2bus_rdack_reg/C
                               i_ps/system_i/system_i/axi_protocol_converter_0/inst/gen_axilite.gen_b2s_conv.axilite_b2s/RD.ar_channel_0/cmd_translator_0/incr_cmd_0/axlen_cnt_reg[6]/CE
                                                              -0.179        
i_ps/system_i/system_i/xadc/inst/INTR_CTRLR_GEN_I.ip2bus_rdack_reg/C
                               i_ps/system_i/system_i/axi_protocol_converter_0/inst/gen_axilite.gen_b2s_conv.axilite_b2s/RD.ar_channel_0/cmd_translator_0/incr_cmd_0/axlen_cnt_reg[7]/CE
                                                              -0.179        
i_ps/system_i/system_i/axi_protocol_converter_0/inst/gen_axilite.gen_b2s_conv.axilite_b2s/RD.ar_channel_0/ar_cmd_fsm_0/state_reg[0]/C
                               i_ps/system_i/system_i/axi_protocol_converter_0/inst/gen_axilite.gen_b2s_conv.axilite_b2s/RD.ar_channel_0/cmd_translator_0/wrap_cmd_0/wrap_cnt_r_reg[2]/D
                                                              -0.175        
i_ps/system_i/system_i/axi_protocol_converter_0/inst/gen_axilite.gen_b2s_conv.axilite_b2s/RD.ar_channel_0/ar_cmd_fsm_0/state_reg[0]/C
                               i_ps/system_i/system_i/axi_protocol_converter_0/inst/gen_axilite.gen_b2s_conv.axilite_b2s/RD.ar_channel_0/cmd_translator_0/wrap_cmd_0/wrap_cnt_r_reg[0]/D
                                                              -0.175        
i_ps/system_i/system_i/axi_protocol_converter_0/inst/gen_axilite.gen_b2s_conv.axilite_b2s/RD.ar_channel_0/ar_cmd_fsm_0/state_reg[0]/C
                               i_ps/system_i/system_i/axi_protocol_converter_0/inst/gen_axilite.gen_b2s_conv.axilite_b2s/RD.ar_channel_0/cmd_translator_0/wrap_cmd_0/wrap_cnt_r_reg[3]/D
                                                              -0.157        
i_ps/system_i/system_i/processing_system7/inst/PS7_i/MAXIGP1ACLK
                               i_ps/system_i/system_i/xadc/inst/INTR_CTRLR_GEN_I.INTERRUPT_CONTROL_I/ip_irpt_enable_reg_reg[4]/CE
                                                              -0.143        
i_ps/system_i/system_i/processing_system7/inst/PS7_i/MAXIGP1ACLK
                               i_ps/system_i/system_i/xadc/inst/INTR_CTRLR_GEN_I.INTERRUPT_CONTROL_I/ip_irpt_enable_reg_reg[9]/CE
                                                              -0.122        
i_ps/system_i/system_i/processing_system7/inst/PS7_i/MAXIGP1ACLK
                               i_ps/system_i/system_i/xadc/inst/INTR_CTRLR_GEN_I.ip2bus_data_int_reg[27]/D
                                                              -0.109        
i_ps/system_i/system_i/processing_system7/inst/PS7_i/MAXIGP1ACLK
                               i_ps/system_i/system_i/xadc/inst/INTR_CTRLR_GEN_I.ip2bus_error_reg/D
                                                              -0.100        
i_ps/system_i/system_i/processing_system7/inst/PS7_i/MAXIGP1ACLK
                               i_ps/system_i/system_i/xadc/inst/INTR_CTRLR_GEN_I.INTERRUPT_CONTROL_I/GEN_IP_IRPT_STATUS_REG[13].GEN_REG_STATUS.ip_irpt_status_reg_reg[13]/D
                                                              -0.097        
i_ps/system_i/system_i/axi_protocol_converter_0/inst/gen_axilite.gen_b2s_conv.axilite_b2s/RD.r_channel_0/rd_data_fifo_0/cnt_read_reg[3]_rep__2/C
                               i_ps/system_i/system_i/axi_protocol_converter_0/inst/gen_axilite.gen_b2s_conv.axilite_b2s/RD.r_channel_0/rd_data_fifo_0/cnt_read_reg[4]_rep__2/D
                                                              -0.092        
i_ps/system_i/system_i/axi_protocol_converter_0/inst/gen_axilite.gen_b2s_conv.axilite_b2s/RD.r_channel_0/rd_data_fifo_0/cnt_read_reg[3]_rep__2/C
                               i_ps/system_i/system_i/axi_protocol_converter_0/inst/gen_axilite.gen_b2s_conv.axilite_b2s/RD.r_channel_0/rd_data_fifo_0/cnt_read_reg[4]_rep/D
                                                              -0.092        
i_ps/system_i/system_i/processing_system7/inst/PS7_i/MAXIGP1ACLK
                               i_ps/system_i/system_i/xadc/inst/INTR_CTRLR_GEN_I.INTERRUPT_CONTROL_I/GEN_IP_IRPT_STATUS_REG[3].GEN_REG_STATUS.ip_irpt_status_reg_reg[3]/D
                                                              -0.092        
pwm_rstn_reg/C                 pwm[2]/pwm_o_reg/R             -0.056        
dac_dat_a_reg[13]/C            oddr_dac_dat[13]/D2            0.185         
pwm[2]/vcnt_reg[3]/C           pwm[2]/b_reg[0]/CE             0.292         
pwm[2]/vcnt_reg[3]/C           pwm[2]/b_reg[13]/CE            0.292         
pwm[2]/vcnt_reg[3]/C           pwm[2]/b_reg[14]/CE            0.292         
pwm[3]/bcnt_reg[1]/C           pwm[3]/v_reg[0]/CE             0.297         
pwm[3]/bcnt_reg[1]/C           pwm[3]/v_reg[1]/CE             0.297         
pwm[3]/bcnt_reg[1]/C           pwm[3]/v_reg[2]/CE             0.297         
pwm[3]/bcnt_reg[1]/C           pwm[3]/v_reg[3]/CE             0.297         
pwm[3]/bcnt_reg[1]/C           pwm[3]/v_reg[4]/CE             0.297         
pwm[3]/bcnt_reg[1]/C           pwm[3]/v_reg[5]/CE             0.297         
pwm[3]/bcnt_reg[1]/C           pwm[3]/v_reg[6]/CE             0.297         
pwm_rstn_reg/C                 pwm[1]/vcnt_reg[1]/R           0.307         
pwm_rstn_reg/C                 pwm[1]/vcnt_reg[6]/R           0.307         
dac_dat_a_reg[5]/C             oddr_dac_dat[5]/D2             0.336         
pwm_rstn_reg/C                 pwm[0]/pwm_o_reg/R             0.345         
pwm[3]/bcnt_reg[1]/C           pwm[3]/v_reg[7]/CE             0.355         
dac_dat_a_reg[12]/C            oddr_dac_dat[12]/D2            0.359         
pwm_rstn_reg/C                 pwm[1]/pwm_o_reg/R             0.360         
pwm_rstn_reg/C                 pwm[1]/vcnt_reg[7]/R           0.402         
pwm[2]/bcnt_reg[1]/C           pwm[2]/v_reg[4]/CE             0.435         
pwm[2]/bcnt_reg[1]/C           pwm[2]/v_reg[5]/CE             0.435         
pwm[2]/bcnt_reg[1]/C           pwm[2]/v_reg[6]/CE             0.435         
pwm[2]/bcnt_reg[1]/C           pwm[2]/v_reg[7]/CE             0.435         
pwm[2]/vcnt_reg[3]/C           pwm[2]/b_reg[12]/CE            0.456         
pwm[2]/vcnt_reg[3]/C           pwm[2]/b_reg[1]/CE             0.456         
pwm[2]/vcnt_reg[3]/C           pwm[2]/b_reg[2]/CE             0.456         
pwm[2]/vcnt_reg[3]/C           pwm[2]/b_reg[3]/CE             0.456         
pwm[2]/vcnt_reg[3]/C           pwm[2]/b_reg[4]/CE             0.456         
pwm[2]/vcnt_reg[3]/C           pwm[2]/b_reg[5]/CE             0.456         
pwm[2]/vcnt_reg[3]/C           pwm[2]/b_reg[6]/CE             0.456         
pwm[2]/vcnt_reg[3]/C           pwm[2]/b_reg[7]/CE             0.456         
pwm[2]/bcnt_reg[1]/C           pwm[2]/v_reg[2]/CE             0.460         
dac_dat_a_reg[1]/C             oddr_dac_dat[1]/D2             0.468         
dac_dat_a_reg[2]/C             oddr_dac_dat[2]/D2             0.503         
dac_rst_reg/C                  oddr_dac_dat[11]/R             0.503         
pwm[2]/vcnt_reg[3]/C           pwm[2]/b_reg[10]/CE            0.510         
pwm[2]/vcnt_reg[3]/C           pwm[2]/b_reg[11]/CE            0.510         
pwm[2]/vcnt_reg[3]/C           pwm[2]/b_reg[8]/CE             0.510         
pwm[2]/vcnt_reg[3]/C           pwm[2]/b_reg[9]/CE             0.510         
dac_rst_reg/C                  oddr_dac_dat[2]/R              0.514         
dac_rst_reg/C                  oddr_dac_dat[0]/R              0.531         
dac_dat_a_reg[7]/C             oddr_dac_dat[7]/D2             0.539         
pwm_rstn_reg/C                 pwm[3]/b_reg[12]/CE            0.540         
pwm_rstn_reg/C                 pwm[3]/b_reg[13]/CE            0.540         
pwm_rstn_reg/C                 pwm[3]/b_reg[6]/CE             0.540         
pwm_rstn_reg/C                 pwm[3]/b_reg[7]/CE             0.540         
pwm_rstn_reg/C                 pwm[1]/vcnt_reg[4]/R           0.555         
pwm_rstn_reg/C                 pwm[1]/vcnt_reg[5]/R           0.555         
pwm_rstn_reg/C                 pwm[1]/vcnt_reg[0]/R           0.559         
pwm_rstn_reg/C                 pwm[1]/vcnt_reg[2]/R           0.559         
pwm_rstn_reg/C                 pwm[1]/vcnt_reg[3]/R           0.559         
dac_rst_reg/C                  oddr_dac_dat[1]/R              0.568         
i_ams/dac_b_o_reg[9]/C         pwm[1]/b_reg[9]/D              0.575         
pwm_rstn_reg/C                 pwm[3]/b_reg[10]/CE            0.576         
pwm_rstn_reg/C                 pwm[3]/b_reg[11]/CE            0.576         
pwm_rstn_reg/C                 pwm[3]/b_reg[8]/CE             0.576         
pwm_rstn_reg/C                 pwm[3]/b_reg[9]/CE             0.576         
pwm_rstn_reg/C                 pwm[2]/bcnt_reg[0]/R           0.576         
pwm_rstn_reg/C                 pwm[2]/bcnt_reg[1]/R           0.576         
pwm_rstn_reg/C                 pwm[2]/bcnt_reg[2]/R           0.576         
pwm_rstn_reg/C                 pwm[2]/bcnt_reg[3]/R           0.576         
dac_rst_reg/C                  oddr_dac_dat[6]/R              0.576         
dac_dat_a_reg[11]/C            oddr_dac_dat[11]/D2            0.591         
dac_rst_reg/C                  oddr_dac_dat[12]/R             0.596         
pwm[2]/bcnt_reg[1]/C           pwm[2]/v_reg[0]/CE             0.597         
pwm[2]/bcnt_reg[1]/C           pwm[2]/v_reg[1]/CE             0.597         
pwm[2]/bcnt_reg[1]/C           pwm[2]/v_reg[3]/CE             0.597         
pwm_rstn_reg/C                 pwm[3]/pwm_o_reg/R             0.601         
dac_dat_a_reg[10]/C            oddr_dac_dat[10]/D2            0.607         
dac_dat_a_reg[4]/C             oddr_dac_dat[4]/D2             0.625         
dac_rst_reg/C                  oddr_dac_dat[10]/R             0.650         
dac_dat_a_reg[9]/C             oddr_dac_dat[9]/D2             0.651         
pwm[2]/bcnt_reg[3]/C           pwm[2]/b_reg[0]/D              0.651         
dac_rst_reg/C                  oddr_dac_dat[3]/R              0.653         
dac_dat_a_reg[8]/C             oddr_dac_dat[8]/D2             0.665         
pwm_rstn_reg/C                 pwm[0]/bcnt_reg[0]/R           0.670         
pwm_rstn_reg/C                 pwm[0]/bcnt_reg[1]/R           0.670         
pwm_rstn_reg/C                 pwm[0]/bcnt_reg[2]/R           0.670         
pwm_rstn_reg/C                 pwm[0]/bcnt_reg[3]/R           0.670         
dac_dat_a_reg[6]/C             oddr_dac_dat[6]/D2             0.686         
i_ams/dac_a_o_reg[9]/C         pwm[0]/b_reg[9]/D              0.688         
i_ams/dac_c_o_reg[15]/C        pwm[2]/b_reg[15]/D             0.694         
pwm_rstn_reg/C                 pwm[0]/vcnt_reg[2]/R           0.700         
pwm_rstn_reg/C                 pwm[0]/vcnt_reg[5]/R           0.700         
pwm_rstn_reg/C                 pwm[0]/vcnt_reg[1]/R           0.702         
pwm_rstn_reg/C                 pwm[0]/vcnt_reg[6]/R           0.702         
pwm_rstn_reg/C                 pwm[0]/vcnt_reg[7]/R           0.702         
dac_rst_reg/C                  oddr_dac_dat[7]/R              0.715         
pwm_rstn_reg/C                 pwm[2]/vcnt_reg[1]/R           0.715         
pwm_rstn_reg/C                 pwm[2]/vcnt_reg[6]/R           0.715         
pwm_rstn_reg/C                 pwm[2]/vcnt_reg[7]/R           0.715         
i_ams/dac_b_o_reg[4]/C         pwm[1]/b_reg[4]/D              0.716         
dac_rst_reg/C                  oddr_dac_dat[9]/R              0.716         
pwm_rstn_reg/C                 pwm[1]/bcnt_reg[0]/R           0.722         
pwm_rstn_reg/C                 pwm[1]/bcnt_reg[1]/R           0.722         
pwm_rstn_reg/C                 pwm[1]/bcnt_reg[2]/R           0.722         
pwm_rstn_reg/C                 pwm[1]/bcnt_reg[3]/R           0.722         
pwm[1]/vcnt_reg[3]/C           pwm[1]/b_reg[10]/CE            0.727         
pwm[1]/vcnt_reg[3]/C           pwm[1]/b_reg[11]/CE            0.727         
pwm[1]/vcnt_reg[3]/C           pwm[1]/b_reg[8]/CE             0.727         
pwm[1]/vcnt_reg[3]/C           pwm[1]/b_reg[9]/CE             0.727         
dac_dat_a_reg[0]/C             oddr_dac_dat[0]/D2             0.730         
pwm[1]/bcnt_reg[1]/C           pwm[1]/v_reg[0]/CE             0.740         
pwm[1]/bcnt_reg[1]/C           pwm[1]/v_reg[1]/CE             0.740         
pwm[1]/bcnt_reg[1]/C           pwm[1]/v_reg[2]/CE             0.740         
pwm[1]/bcnt_reg[1]/C           pwm[1]/v_reg[3]/CE             0.740         
pwm[1]/bcnt_reg[1]/C           pwm[1]/v_reg[4]/CE             0.740         
pwm[1]/bcnt_reg[1]/C           pwm[1]/v_reg[5]/CE             0.740         
pwm[1]/bcnt_reg[1]/C           pwm[1]/v_reg[6]/CE             0.740         
pwm[1]/bcnt_reg[1]/C           pwm[1]/v_reg[7]/CE             0.740         
pwm_rstn_reg/C                 pwm[3]/b_reg[0]/CE             0.747         
pwm_rstn_reg/C                 pwm[3]/b_reg[1]/CE             0.747         
pwm_rstn_reg/C                 pwm[3]/b_reg[2]/CE             0.747         
pwm[2]/b_reg[0]/C              pwm[2]/v_r_reg[6]/D            0.766         
pwm[2]/b_reg[0]/C              pwm[2]/v_r_reg[7]/D            0.781         
dac_dat_a_reg[3]/C             oddr_dac_dat[3]/D2             0.791         
dac_rst_reg/C                  oddr_dac_dat[4]/R              0.798         
pwm[2]/vcnt_reg[3]/C           pwm[2]/b_reg[15]/CE            0.822         
dac_rst_reg/C                  oddr_dac_dat[13]/R             0.823         
pwm_rstn_reg/C                 pwm[0]/vcnt_reg[0]/R           0.829         
pwm_rstn_reg/C                 pwm[0]/vcnt_reg[3]/R           0.829         
dac_rst_reg/C                  oddr_dac_dat[8]/R              0.864         
dac_rst_reg/C                  oddr_dac_dat[5]/R              0.866         
dac_rst_reg/C                  oddr_dac_sel/R                 1.263         
dac_rst_reg/C                  oddr_dac_rst/D2                1.959         
dac_dat_b_reg[13]/C            oddr_dac_dat[13]/D1            3.175         
i_asg/ch[1]/dac_o_reg[0]/C     dac_dat_b_reg[3]/D             3.272         
i_asg/ch[1]/dac_o_reg[0]/C     dac_dat_b_reg[5]/D             3.286         
i_asg/ch[0]/dac_o_reg[13]/C    dac_dat_a_reg[11]/D            3.338         
i_asg/ch[0]/dac_o_reg[13]/C    dac_dat_a_reg[1]/D             3.352         
i_asg/ch[0]/dac_o_reg[13]/C    dac_dat_a_reg[0]/D             3.476         
i_asg/ch[0]/dac_o_reg[13]/C    dac_dat_a_reg[10]/D            3.485         
i_asg/ch[0]/dac_o_reg[13]/C    dac_dat_a_reg[12]/D            3.496         
i_asg/ch[0]/dac_o_reg[13]/C    dac_dat_a_reg[2]/D             3.501         
i_asg/ch[0]/dac_o_reg[13]/C    dac_dat_a_reg[3]/D             3.505         
i_asg/ch[0]/dac_o_reg[13]/C    dac_dat_a_reg[9]/D             3.525         
i_asg/ch[0]/dac_o_reg[13]/C    dac_dat_a_reg[4]/D             3.571         
dac_dat_b_reg[1]/C             oddr_dac_dat[1]/D1             3.572         
i_asg/ch[1]/dac_o_reg[0]/C     dac_dat_b_reg[10]/D            3.584         
i_asg/ch[1]/dac_o_reg[0]/C     dac_dat_b_reg[12]/D            3.584         
i_asg/ch[1]/dac_o_reg[0]/C     dac_dat_b_reg[1]/D             3.584         
i_asg/ch[1]/dac_o_reg[0]/C     dac_dat_b_reg[0]/D             3.587         
i_asg/ch[1]/dac_o_reg[0]/C     dac_dat_b_reg[9]/D             3.588         
i_asg/ch[1]/dac_o_reg[0]/C     dac_dat_b_reg[7]/D             3.600         
i_asg/ch[1]/dac_o_reg[0]/C     dac_dat_b_reg[8]/D             3.602         
i_asg/ch[1]/dac_o_reg[0]/C     dac_dat_b_reg[11]/D            3.607         
dac_dat_b_reg[2]/C             oddr_dac_dat[2]/D1             3.613         
i_asg/ch[0]/dac_o_reg[13]/C    dac_dat_a_reg[8]/D             3.621         
i_asg/ch[1]/dac_o_reg[0]/C     dac_dat_b_reg[4]/D             3.626         
dac_dat_b_reg[4]/C             oddr_dac_dat[4]/D1             3.673         
i_asg/ch[1]/dac_o_reg[0]/C     dac_dat_b_reg[2]/D             3.692         
i_asg/ch[0]/dac_o_reg[1]/C     dac_dat_a_reg[5]/D             3.697         
i_asg/ch[0]/dac_o_reg[13]/C    dac_dat_a_reg[6]/D             3.703         
i_asg/ch[1]/dac_o_reg[0]/C     dac_dat_b_reg[6]/D             3.706         
i_asg/ch[0]/dac_o_reg[1]/C     dac_dat_a_reg[7]/D             3.713         
dac_dat_b_reg[3]/C             oddr_dac_dat[3]/D1             3.815         
dac_dat_b_reg[5]/C             oddr_dac_dat[5]/D1             3.904         
dac_dat_b_reg[12]/C            oddr_dac_dat[12]/D1            3.917         
dac_dat_b_reg[11]/C            oddr_dac_dat[11]/D1            3.958         
dac_dat_b_reg[7]/C             oddr_dac_dat[7]/D1             4.002         
dac_dat_b_reg[8]/C             oddr_dac_dat[8]/D1             4.036         
dac_dat_b_reg[6]/C             oddr_dac_dat[6]/D1             4.052         
dac_dat_b_reg[10]/C            oddr_dac_dat[10]/D1            4.131         
dac_dat_b_reg[9]/C             oddr_dac_dat[9]/D1             4.168         
dac_dat_b_reg[0]/C             oddr_dac_dat[0]/D1             4.232         
i_asg/ch[1]/dac_o_reg[0]/C     dac_dat_b_reg[13]/D            5.003         
i_asg/ch[0]/dac_o_reg[13]/C    dac_dat_a_reg[13]/D            5.221         
dac_rst_reg/C                  oddr_dac_rst/D1                5.770         



